56;2014-08-27_15-07-32.759;;-1.507;7.243;12.151;
77;2014-08-27_15-07-34.017;;-1.507;7.243;12.151;
98;2014-08-27_15-07-35.281;;-1.507;7.243;12.151;
119;2014-08-27_15-07-36.547;;-1.507;7.243;12.151;
140;2014-08-27_15-07-37.807;;-2.052;5.925;6.028;
161;2014-08-27_15-07-39.067;;-2.052;5.925;6.028;
182;2014-08-27_15-07-40.325;;-2.052;5.925;6.028;
203;2014-08-27_15-07-41.588;;-0.645;7.128;6.862;
224;2014-08-27_15-07-42.849;;-0.645;7.128;6.862;
245;2014-08-27_15-07-44.112;;-0.645;7.128;6.862;
266;2014-08-27_15-07-45.374;;-0.168;7.105;6.519;
287;2014-08-27_15-07-46.634;;-0.168;7.105;6.519;
308;2014-08-27_15-07-47.926;;-0.168;7.105;6.519;
329;2014-08-27_15-07-49.155;;1.019;2.182;-9.674;
350;2014-08-27_15-07-50.414;;0.709;2.55;-9.323;
371;2014-08-27_15-07-51.674;;0.709;2.55;-9.323;
392;2014-08-27_15-07-52.937;;0.681;2.577;-9.291;
413;2014-08-27_15-07-54.198;;0.681;2.577;-9.291;
434;2014-08-27_15-07-55.465;;0.681;2.577;-9.291;
455;2014-08-27_15-07-56.720;;0.681;2.577;-9.291;
476;2014-08-27_15-07-57.980;;0.86;2.744;-9.277;
497;2014-08-27_15-07-59.241;;0.86;2.744;-9.277;
518;2014-08-27_15-08-00.501;;0.86;2.744;-9.277;
539;2014-08-27_15-08-01.763;;0.713;2.694;-9.246;
560;2014-08-27_15-08-03.027;;0.713;2.694;-9.246;
581;2014-08-27_15-08-04.288;;0.713;2.694;-9.246;
602;2014-08-27_15-08-05.554;;0.692;2.723;-9.298;
623;2014-08-27_15-08-06.812;;0.692;2.723;-9.298;
644;2014-08-27_15-08-08.073;;0.692;2.723;-9.298;
665;2014-08-27_15-08-09.335;;0.749;2.687;-9.325;
686;2014-08-27_15-08-10.590;;0.749;2.687;-9.325;
707;2014-08-27_15-08-11.857;;0.749;2.687;-9.325;
727;2014-08-27_15-08-13.057;;0.738;2.725;-9.363;
749;2014-08-27_15-08-14.379;;0.738;2.725;-9.363;
770;2014-08-27_15-08-15.637;;0.738;2.725;-9.363;
791;2014-08-27_15-08-16.900;;0.755;2.695;-9.284;
812;2014-08-27_15-08-18.170;;0.755;2.695;-9.284;
833;2014-08-27_15-08-19.424;;0.755;2.695;-9.284;
854;2014-08-27_15-08-20.684;;0.755;2.695;-9.284;
875;2014-08-27_15-08-21.946;;0.614;2.216;-9.419;
896;2014-08-27_15-08-23.208;;0.614;2.216;-9.419;
916;2014-08-27_15-08-24.492;;0.614;2.216;-9.419;
938;2014-08-27_15-08-25.729;;0.817;2.9;-9.017;
959;2014-08-27_15-08-26.988;;0.817;2.9;-9.017;
980;2014-08-27_15-08-28.248;;0.817;2.9;-9.017;
1001;2014-08-27_15-08-29.518;;0.894;2.189;-9.319;
1022;2014-08-27_15-08-30.773;;0.894;2.189;-9.319;
1043;2014-08-27_15-08-32.037;;0.894;2.189;-9.319;
1064;2014-08-27_15-08-33.299;;0.786;2.159;-9.421;
1085;2014-08-27_15-08-34.558;;0.786;2.159;-9.421;
1106;2014-08-27_15-08-35.819;;0.786;2.159;-9.421;
1127;2014-08-27_15-08-37.082;;0.613;2.8;-9.128;
1148;2014-08-27_15-08-38.341;;0.613;2.8;-9.128;
1169;2014-08-27_15-08-39.599;;0.613;2.8;-9.128;
1190;2014-08-27_15-08-40.862;;0.408;2.485;-9.595;
1211;2014-08-27_15-08-42.123;;0.408;2.485;-9.595;
1232;2014-08-27_15-08-43.384;;0.408;2.485;-9.595;
1253;2014-08-27_15-08-44.647;;0.408;2.485;-9.595;
1274;2014-08-27_15-08-45.905;;0.469;3.235;-8.327;
1295;2014-08-27_15-08-47.166;;0.469;3.235;-8.327;
1316;2014-08-27_15-08-48.429;;0.469;3.235;-8.327;
1336;2014-08-27_15-08-49.672;;1.545;0.426;-9.798;
1358;2014-08-27_15-08-50.951;;1.545;0.426;-9.798;
1379;2014-08-27_15-08-52.215;;1.545;0.426;-9.798;
1399;2014-08-27_15-08-53.444;;1.455;1.767;-9.658;
1420;2014-08-27_15-08-54.675;;1.455;1.767;-9.658;
1441;2014-08-27_15-08-55.934;;1.455;1.767;-9.658;
1462;2014-08-27_15-08-57.195;;1.676;3.605;-10.502;
1483;2014-08-27_15-08-58.460;;1.676;3.605;-10.502;
1504;2014-08-27_15-08-59.723;;1.676;3.605;-10.502;
1525;2014-08-27_15-09-00.979;;1.536;2.957;-8.487;
1546;2014-08-27_15-09-02.240;;1.536;2.957;-8.487;
1567;2014-08-27_15-09-03.504;;1.536;2.957;-8.487;
1588;2014-08-27_15-09-04.771;;1.536;2.957;-8.487;
1609;2014-08-27_15-09-06.027;;1.065;3.339;-9.326;
1630;2014-08-27_15-09-07.289;;1.065;3.339;-9.326;
1651;2014-08-27_15-09-08.550;;1.065;3.339;-9.326;
1671;2014-08-27_15-09-09.782;;1.216;2.564;-9.246;
1692;2014-08-27_15-09-11.010;;1.216;2.564;-9.246;
1712;2014-08-27_15-09-12.270;;1.216;2.564;-9.246;
1734;2014-08-27_15-09-13.533;;1.171;2.65;-9.226;
1755;2014-08-27_15-09-14.794;;1.171;2.65;-9.226;
1776;2014-08-27_15-09-16.058;;1.171;2.65;-9.226;
1797;2014-08-27_15-09-17.314;;1.175;2.618;-9.216;
1818;2014-08-27_15-09-18.582;;1.175;2.618;-9.216;
1839;2014-08-27_15-09-19.837;;1.175;2.618;-9.216;
1860;2014-08-27_15-09-21.101;;1.159;2.64;-9.208;
1881;2014-08-27_15-09-22.364;;1.159;2.64;-9.208;
1902;2014-08-27_15-09-23.624;;1.159;2.64;-9.208;
1923;2014-08-27_15-09-24.885;;1.164;2.62;-9.252;
1944;2014-08-27_15-09-26.144;;1.164;2.62;-9.252;
1965;2014-08-27_15-09-27.405;;1.164;2.62;-9.252;
1986;2014-08-27_15-09-28.669;;1.164;2.62;-9.252;
2007;2014-08-27_15-09-29.927;;1.165;2.638;-9.234;
2028;2014-08-27_15-09-31.191;;1.165;2.638;-9.234;
2049;2014-08-27_15-09-32.448;;1.165;2.638;-9.234;
2070;2014-08-27_15-09-33.716;;1.144;2.507;-9.105;
2091;2014-08-27_15-09-34.973;;1.144;2.507;-9.105;
2112;2014-08-27_15-09-36.233;;1.144;2.507;-9.105;
2133;2014-08-27_15-09-37.494;;1.268;2.626;-9.259;
2154;2014-08-27_15-09-38.757;;1.268;2.626;-9.259;
2175;2014-08-27_15-09-40.018;;1.268;2.626;-9.259;
2196;2014-08-27_15-09-41.278;;1.237;2.605;-9.231;
2217;2014-08-27_15-09-42.541;;1.237;2.605;-9.231;
2238;2014-08-27_15-09-43.800;;1.237;2.605;-9.231;
2259;2014-08-27_15-09-45.062;;1.243;2.592;-9.248;
2280;2014-08-27_15-09-46.325;;1.243;2.592;-9.248;
2301;2014-08-27_15-09-47.586;;1.243;2.592;-9.248;
2322;2014-08-27_15-09-48.847;;1.243;2.592;-9.248;
2343;2014-08-27_15-09-50.168;;1.235;2.565;-9.252;
2365;2014-08-27_15-09-51.428;;1.235;2.565;-9.252;
2386;2014-08-27_15-09-52.691;;1.235;2.565;-9.252;
2407;2014-08-27_15-09-53.948;;1.214;2.601;-9.231;
2428;2014-08-27_15-09-55.214;;1.214;2.601;-9.231;
2449;2014-08-27_15-09-56.474;;1.214;2.601;-9.231;
2470;2014-08-27_15-09-57.737;;1.15;2.605;-9.215;
2491;2014-08-27_15-09-58.998;;1.15;2.605;-9.215;
2512;2014-08-27_15-10-00.255;;1.15;2.605;-9.215;
2533;2014-08-27_15-10-01.518;;0.782;1.783;-9.6;
2554;2014-08-27_15-10-02.781;;0.782;1.783;-9.6;
2575;2014-08-27_15-10-04.042;;0.782;1.783;-9.6;
2596;2014-08-27_15-10-05.307;;1.24;1.939;-9.488;
2617;2014-08-27_15-10-06.565;;1.24;1.939;-9.488;
2638;2014-08-27_15-10-07.829;;1.24;1.939;-9.488;
2659;2014-08-27_15-10-09.087;;6.324;8.434;-8.833;
2679;2014-08-27_15-10-10.295;;6.324;8.434;-8.833;
2701;2014-08-27_15-10-11.607;;6.324;8.434;-8.833;
2722;2014-08-27_15-10-12.869;;6.324;8.434;-8.833;
2743;2014-08-27_15-10-14.130;;3.048;9.164;3.646;
2764;2014-08-27_15-10-15.398;;3.048;9.164;3.646;
2785;2014-08-27_15-10-16.650;;3.048;9.164;3.646;
2806;2014-08-27_15-10-17.913;;3.452;9.452;2.398;
2827;2014-08-27_15-10-19.184;;3.452;9.452;2.398;
2847;2014-08-27_15-10-20.409;;3.452;9.452;2.398;
2868;2014-08-27_15-10-21.636;;1.782;7.23;2.577;
2889;2014-08-27_15-10-22.898;;1.782;7.23;2.577;
2910;2014-08-27_15-10-24.169;;1.782;7.23;2.577;
2931;2014-08-27_15-10-25.427;;2.885;9.103;2.151;
2952;2014-08-27_15-10-26.690;;2.885;9.103;2.151;
2973;2014-08-27_15-10-27.950;;2.885;9.103;2.151;
2994;2014-08-27_15-10-29.225;;1.891;8.888;1.067;
3015;2014-08-27_15-10-30.466;;1.891;8.888;1.067;
3036;2014-08-27_15-10-31.739;;1.891;8.888;1.067;
3057;2014-08-27_15-10-32.988;;-0.809;8.332;1.484;
3078;2014-08-27_15-10-34.254;;-0.809;8.332;1.484;
3099;2014-08-27_15-10-35.508;;-0.809;8.332;1.484;
3120;2014-08-27_15-10-36.791;;-0.809;8.332;1.484;
3141;2014-08-27_15-10-38.032;;0.575;2.833;-9.093;
3162;2014-08-27_15-10-39.291;;0.575;2.833;-9.093;
3183;2014-08-27_15-10-40.555;;0.575;2.833;-9.093;
3204;2014-08-27_15-10-41.814;;0.251;4.014;-10.423;
3225;2014-08-27_15-10-43.080;;0.251;4.014;-10.423;
3246;2014-08-27_15-10-44.337;;0.251;4.014;-10.423;
3267;2014-08-27_15-10-45.601;;0.557;2.604;-10.075;
3288;2014-08-27_15-10-46.861;;0.557;2.604;-10.075;
3309;2014-08-27_15-10-48.124;;0.557;2.604;-10.075;
3330;2014-08-27_15-10-49.404;;0.511;4.056;-8.688;
3351;2014-08-27_15-10-50.641;;0.511;4.056;-8.688;
3372;2014-08-27_15-10-51.904;;0.511;4.056;-8.688;
3393;2014-08-27_15-10-53.180;;2.419;2.961;-8.727;
3414;2014-08-27_15-10-54.430;;2.419;2.961;-8.727;
3435;2014-08-27_15-10-55.709;;2.419;2.961;-8.727;
3456;2014-08-27_15-10-56.953;;2.419;2.961;-8.727;
3477;2014-08-27_15-10-58.209;;1.168;3.864;-9.15;
3498;2014-08-27_15-10-59.475;;1.168;3.864;-9.15;
3519;2014-08-27_15-11-00.731;;1.168;3.864;-9.15;
3540;2014-08-27_15-11-01.993;;0.952;2.966;-9.166;
3561;2014-08-27_15-11-03.254;;0.952;2.966;-9.166;
3582;2014-08-27_15-11-04.523;;0.952;2.966;-9.166;
3603;2014-08-27_15-11-05.777;;0.905;2.828;-9.102;
3624;2014-08-27_15-11-07.039;;0.905;2.828;-9.102;
3644;2014-08-27_15-11-08.270;;0.905;2.828;-9.102;
3665;2014-08-27_15-11-09.500;;1.075;1.627;-9.276;
3686;2014-08-27_15-11-10.760;;1.075;1.627;-9.276;
3707;2014-08-27_15-11-12.026;;1.075;1.627;-9.276;
3728;2014-08-27_15-11-13.288;;0.85;3.313;-8.899;
3749;2014-08-27_15-11-14.549;;0.85;3.313;-8.899;
3770;2014-08-27_15-11-15.811;;0.85;3.313;-8.899;
3791;2014-08-27_15-11-17.069;;0.849;2.672;-9.315;
3812;2014-08-27_15-11-18.329;;0.849;2.672;-9.315;
3833;2014-08-27_15-11-19.590;;0.849;2.672;-9.315;
3854;2014-08-27_15-11-20.853;;0.849;2.672;-9.315;
3875;2014-08-27_15-11-22.120;;1.422;1.715;-8.764;
3896;2014-08-27_15-11-23.373;;1.422;1.715;-8.764;
3917;2014-08-27_15-11-24.639;;1.422;1.715;-8.764;
3938;2014-08-27_15-11-25.902;;1.507;2.257;-9.187;
3959;2014-08-27_15-11-27.164;;1.507;2.257;-9.187;
3980;2014-08-27_15-11-28.428;;1.507;2.257;-9.187;
4001;2014-08-27_15-11-29.681;;1.323;2.053;-8.831;
4022;2014-08-27_15-11-30.942;;1.323;2.053;-8.831;
4043;2014-08-27_15-11-32.210;;1.323;2.053;-8.831;
4064;2014-08-27_15-11-33.482;;2.516;2.377;-9.832;
4085;2014-08-27_15-11-34.728;;2.516;2.377;-9.832;
4106;2014-08-27_15-11-35.987;;2.516;2.377;-9.832;
4127;2014-08-27_15-11-37.246;;1.326;2.389;-7.641;
4148;2014-08-27_15-11-38.513;;1.326;2.389;-7.641;
4169;2014-08-27_15-11-39.769;;1.326;2.389;-7.641;
4190;2014-08-27_15-11-41.054;;1.353;2.635;-8.738;
4211;2014-08-27_15-11-42.294;;1.353;2.635;-8.738;
4232;2014-08-27_15-11-43.555;;1.353;2.635;-8.738;
4253;2014-08-27_15-11-44.817;;1.353;2.635;-8.738;
4274;2014-08-27_15-11-46.084;;1.876;3.215;-9.178;
4295;2014-08-27_15-11-47.339;;1.876;3.215;-9.178;
4316;2014-08-27_15-11-48.597;;1.876;3.215;-9.178;
4337;2014-08-27_15-11-49.862;;2.213;3.209;-9.488;
4358;2014-08-27_15-11-51.133;;2.213;3.209;-9.488;
4379;2014-08-27_15-11-52.423;;2.213;3.209;-9.488;
4401;2014-08-27_15-11-53.704;;1.556;2.785;-9.112;
4422;2014-08-27_15-11-54.968;;1.556;2.785;-9.112;
4443;2014-08-27_15-11-56.225;;1.556;2.785;-9.112;
4464;2014-08-27_15-11-57.485;;1.472;2.935;-9.043;
4485;2014-08-27_15-11-58.755;;1.472;2.935;-9.043;
4506;2014-08-27_15-12-00.064;;1.472;2.935;-9.043;
4528;2014-08-27_15-12-01.332;;1.326;1.966;-9.477;
4549;2014-08-27_15-12-02.592;;1.326;1.966;-9.477;
4570;2014-08-27_15-12-03.853;;1.326;1.966;-9.477;
4591;2014-08-27_15-12-05.116;;1.416;0.749;-9.89;
4612;2014-08-27_15-12-06.377;;1.416;0.749;-9.89;
4633;2014-08-27_15-12-07.635;;1.416;0.749;-9.89;
4654;2014-08-27_15-12-08.901;;1.416;0.749;-9.89;
4675;2014-08-27_15-12-10.157;;1.135;1.627;-8.863;
4696;2014-08-27_15-12-11.421;;1.135;1.627;-8.863;
4717;2014-08-27_15-12-12.683;;1.135;1.627;-8.863;
4738;2014-08-27_15-12-13.940;;1.402;2.931;-8.717;
4758;2014-08-27_15-12-15.158;;1.402;2.931;-8.717;
4780;2014-08-27_15-12-16.464;;1.402;2.931;-8.717;
4801;2014-08-27_15-12-17.730;;2.066;2.105;-11.043;
4822;2014-08-27_15-12-18.992;;2.066;2.105;-11.043;
4843;2014-08-27_15-12-20.251;;2.066;2.105;-11.043;
4864;2014-08-27_15-12-21.509;;1.835;2.319;-9.336;
4885;2014-08-27_15-12-22.773;;1.835;2.319;-9.336;
4906;2014-08-27_15-12-24.032;;1.835;2.319;-9.336;
4927;2014-08-27_15-12-25.309;;0.309;1.949;-8.394;
4948;2014-08-27_15-12-26.557;;0.309;1.949;-8.394;
4969;2014-08-27_15-12-27.818;;0.309;1.949;-8.394;
4990;2014-08-27_15-12-29.079;;0.309;1.949;-8.394;
5009;2014-08-27_15-12-30.313;;0.823;4.772;-9.045;
5031;2014-08-27_15-12-31.541;;0.823;4.772;-9.045;
5052;2014-08-27_15-12-32.802;;0.823;4.772;-9.045;
5073;2014-08-27_15-12-34.075;;1.55;1.788;-9.403;
5094;2014-08-27_15-12-35.326;;1.55;1.788;-9.403;
5115;2014-08-27_15-12-36.583;;1.55;1.788;-9.403;
5136;2014-08-27_15-12-37.847;;1.623;2.614;-9.325;
5157;2014-08-27_15-12-39.108;;1.623;2.614;-9.325;
5178;2014-08-27_15-12-40.367;;1.623;2.614;-9.325;
5199;2014-08-27_15-12-41.628;;-0.387;1.499;-9.352;
5220;2014-08-27_15-12-42.891;;-0.387;1.499;-9.352;
5241;2014-08-27_15-12-44.156;;-0.387;1.499;-9.352;
5262;2014-08-27_15-12-45.411;;2.294;7.474;7.101;
5283;2014-08-27_15-12-46.674;;2.294;7.474;7.101;
5304;2014-08-27_15-12-47.933;;2.294;7.474;7.101;
5325;2014-08-27_15-12-49.207;;-0.779;8.756;2.652;
5346;2014-08-27_15-12-50.467;;-0.779;8.756;2.652;
5367;2014-08-27_15-12-51.720;;-0.779;8.756;2.652;
5388;2014-08-27_15-12-52.978;;-0.779;8.756;2.652;
5409;2014-08-27_15-12-54.239;;-1.238;8.398;6.144;
5429;2014-08-27_15-12-55.465;;-1.238;8.398;6.144;
5450;2014-08-27_15-12-56.707;;-1.238;8.398;6.144;
5471;2014-08-27_15-12-57.961;;2.037;3.247;-8.884;
5492;2014-08-27_15-12-59.223;;2.037;3.247;-8.884;
5513;2014-08-27_15-13-00.486;;2.037;3.247;-8.884;
5534;2014-08-27_15-13-01.749;;1.982;3.175;-8.932;
5555;2014-08-27_15-13-03.009;;1.982;3.175;-8.932;
5576;2014-08-27_15-13-04.272;;1.982;3.175;-8.932;
5597;2014-08-27_15-13-05.533;;1.922;3.242;-8.821;
5618;2014-08-27_15-13-06.792;;1.922;3.242;-8.821;
5639;2014-08-27_15-13-08.057;;1.922;3.242;-8.821;
5660;2014-08-27_15-13-09.325;;1.706;3.096;-9.096;
5681;2014-08-27_15-13-10.573;;1.706;3.096;-9.096;
5702;2014-08-27_15-13-11.840;;1.706;3.096;-9.096;
5723;2014-08-27_15-13-13.107;;1.706;3.096;-9.096;
5744;2014-08-27_15-13-14.362;;2.113;2.787;-9.977;
5765;2014-08-27_15-13-15.621;;2.113;2.787;-9.977;
5786;2014-08-27_15-13-16.881;;2.113;2.787;-9.977;
5807;2014-08-27_15-13-18.146;;1.93;1.596;-9.344;
5828;2014-08-27_15-13-19.420;;1.93;1.596;-9.344;
5849;2014-08-27_15-13-20.667;;1.93;1.596;-9.344;
5870;2014-08-27_15-13-21.925;;3.059;2.271;-8.909;
5891;2014-08-27_15-13-23.196;;3.059;2.271;-8.909;
5911;2014-08-27_15-13-24.449;;3.059;2.271;-8.909;
5933;2014-08-27_15-13-25.711;;3.514;3.062;-7.687;
5954;2014-08-27_15-13-26.975;;3.514;3.062;-7.687;
5975;2014-08-27_15-13-28.237;;3.514;3.062;-7.687;
5996;2014-08-27_15-13-29.493;;3.267;3.059;-9.078;
6017;2014-08-27_15-13-30.753;;3.267;3.059;-9.078;
6038;2014-08-27_15-13-32.019;;3.267;3.059;-9.078;
6059;2014-08-27_15-13-33.280;;-2.198;7.567;3.799;
6080;2014-08-27_15-13-34.541;;-2.198;7.567;3.799;
6101;2014-08-27_15-13-35.807;;-2.198;7.567;3.799;
6122;2014-08-27_15-13-37.078;;-2.198;7.567;3.799;
6143;2014-08-27_15-13-38.333;;-1.442;7.883;5.935;
6164;2014-08-27_15-13-39.588;;-1.442;7.883;5.935;
6184;2014-08-27_15-13-40.834;;-1.442;7.883;5.935;
