--- LOG START  --- 
18916;2014-04-11_07-47-01.013;;38.883497;-77.062454;-20.0;9.0;-1.498;4.524;8.135;
18952;2014-04-11_07-47-03.164;;38.883909;-77.062722;-23.0;8.0;-0.041;4.902;8.343;
18981;2014-04-11_07-47-04.938;;38.883909;-77.062722;-23.0;8.0;-0.041;4.902;8.343;
19012;2014-04-11_07-47-06.762;;38.883909;-77.062722;-23.0;8.0;-0.041;4.902;8.343;
19042;2014-04-11_07-47-08.565;;38.884252;-77.062893;-20.0;14.0;-1.349;6.375;7.135;
19072;2014-04-11_07-47-10.367;;38.884252;-77.062893;-20.0;14.0;-1.349;6.375;7.135;
19102;2014-04-11_07-47-12.169;;38.884427;-77.062991;-19.0;13.0;6.346;-1.699;6.982;
19132;2014-04-11_07-47-13.986;;38.884427;-77.062991;-19.0;13.0;6.346;-1.699;6.982;
19162;2014-04-11_07-47-15.774;;38.884583;-77.063099;-18.0;26.0;5.777;-1.968;7.399;
19192;2014-04-11_07-47-17.576;;38.884583;-77.063099;-18.0;26.0;5.777;-1.968;7.399;
19222;2014-04-11_07-47-19.376;;38.886098;-77.060397;0.0;829.0;-0.424;6.943;7.557;
19252;2014-04-11_07-47-21.190;;38.886098;-77.060397;0.0;829.0;-0.424;6.943;7.557;
19282;2014-04-11_07-47-23.080;;38.886098;-77.060397;0.0;829.0;-0.424;6.943;7.557;
19314;2014-04-11_07-47-24.903;;38.886098;-77.060397;0.0;829.0;0.52;5.406;8.012;
19344;2014-04-11_07-47-26.705;;38.886098;-77.060397;0.0;829.0;0.52;5.406;8.012;
19374;2014-04-11_07-47-28.505;;38.886098;-77.060397;0.0;829.0;5.316;2.991;7.31;
19404;2014-04-11_07-47-30.306;;38.886098;-77.060397;0.0;829.0;5.316;2.991;7.31;
19434;2014-04-11_07-47-32.109;;38.886098;-77.060397;0.0;829.0;5.669;0.306;7.769;
19463;2014-04-11_07-47-33.850;;38.886098;-77.060397;0.0;829.0;5.669;0.306;7.769;
19493;2014-04-11_07-47-35.651;;38.886098;-77.060397;0.0;829.0;4.262;3.854;7.332;
19523;2014-04-11_07-47-37.457;;38.886098;-77.060397;0.0;829.0;4.262;3.854;7.332;
19553;2014-04-11_07-47-39.253;;38.882962;-77.061306;0.0;829.0;5.38;-1.073;7.016;
19583;2014-04-11_07-47-41.056;;38.882962;-77.061306;0.0;829.0;5.38;-1.073;7.016;
19612;2014-04-11_07-47-42.832;;38.882962;-77.061306;0.0;829.0;5.38;-1.073;7.016;
19642;2014-04-11_07-47-44.601;;38.882962;-77.061306;0.0;829.0;6.771;0.215;6.945;
19672;2014-04-11_07-47-46.403;;38.882962;-77.061306;0.0;829.0;6.771;0.215;6.945;
19702;2014-04-11_07-47-48.216;;38.882962;-77.061306;0.0;829.0;6.899;1.605;7.265;
19732;2014-04-11_07-47-50.018;;38.882962;-77.061306;0.0;829.0;6.899;1.605;7.265;
19762;2014-04-11_07-47-51.808;;38.882962;-77.061306;0.0;829.0;4.141;-0.809;9.621;
19792;2014-04-11_07-47-53.608;;38.882962;-77.061306;0.0;829.0;4.141;-0.809;9.621;
19822;2014-04-11_07-47-55.410;;38.882962;-77.061306;0.0;829.0;0.667;-14.94;2.046;
19852;2014-04-11_07-47-57.209;;38.882962;-77.061306;0.0;829.0;0.667;-14.94;2.046;
19882;2014-04-11_07-47-59.016;;38.882962;-77.061306;0.0;829.0;0.667;-14.94;2.046;
19912;2014-04-11_07-48-00.815;;38.886098;-77.060397;0.0;829.0;1.415;-9.458;2.823;
19942;2014-04-11_07-48-02.615;;38.886098;-77.060397;0.0;829.0;1.415;-9.458;2.823;
19972;2014-04-11_07-48-04.422;;38.885652;-77.063712;-23.0;13.0;1.32;-9.473;2.051;
20002;2014-04-11_07-48-06.218;;38.885652;-77.063712;-23.0;13.0;1.32;-9.473;2.051;
20032;2014-04-11_07-48-08.020;;38.886255;-77.064081;-27.0;9.0;-0.461;-9.082;3.035;
20062;2014-04-11_07-48-09.823;;38.886255;-77.064081;-27.0;9.0;-0.461;-9.082;3.035;
20092;2014-04-11_07-48-11.623;;38.886954;-77.064596;-29.0;9.0;0.172;-9.439;2.573;
20122;2014-04-11_07-48-13.429;;38.886954;-77.064596;-29.0;9.0;0.172;-9.439;2.573;
20152;2014-04-11_07-48-15.237;;38.887688;-77.065126;-30.0;8.0;-0.794;-9.762;3.135;
20182;2014-04-11_07-48-17.031;;38.887688;-77.065126;-30.0;8.0;-0.794;-9.762;3.135;
20212;2014-04-11_07-48-18.831;;38.887688;-77.065126;-30.0;8.0;-0.794;-9.762;3.135;
20242;2014-04-11_07-48-20.632;;38.889235;-77.059488;0.0;874.0;-0.69;-9.086;3.078;
20272;2014-04-11_07-48-22.439;;38.889235;-77.059488;0.0;874.0;-0.69;-9.086;3.078;
20302;2014-04-11_07-48-24.237;;38.888996;-77.066535;-33.0;11.0;-0.061;-10.329;2.889;
20332;2014-04-11_07-48-26.039;;38.888996;-77.066535;-33.0;11.0;-0.061;-10.329;2.889;
20361;2014-04-11_07-48-27.818;;38.889439;-77.067141;-32.0;13.0;0.326;-10.095;2.811;
20391;2014-04-11_07-48-29.583;;38.889439;-77.067141;-32.0;13.0;0.326;-10.095;2.811;
20421;2014-04-11_07-48-31.385;;38.889439;-77.067141;-32.0;13.0;-1.175;-9.331;3.657;
20451;2014-04-11_07-48-33.186;;38.889439;-77.067141;-32.0;13.0;-1.175;-9.331;3.657;
20481;2014-04-11_07-48-34.985;;38.889439;-77.067141;-32.0;13.0;-1.175;-9.331;3.657;
20511;2014-04-11_07-48-36.793;;38.889439;-77.067141;-32.0;13.0;-0.81;-9.603;2.251;
20541;2014-04-11_07-48-38.589;;38.889439;-77.067141;-32.0;13.0;-0.81;-9.603;2.251;
20571;2014-04-11_07-48-40.394;;38.889235;-77.059488;0.0;874.0;-0.718;-9.222;3.09;
20601;2014-04-11_07-48-42.195;;38.889235;-77.059488;0.0;874.0;-0.718;-9.222;3.09;
20631;2014-04-11_07-48-43.993;;38.889235;-77.059488;0.0;874.0;-0.324;-9.192;3.174;
20661;2014-04-11_07-48-45.800;;38.889235;-77.059488;0.0;874.0;-0.324;-9.192;3.174;
20691;2014-04-11_07-48-47.598;;38.889235;-77.059488;0.0;874.0;-0.283;-9.293;3.892;
20721;2014-04-11_07-48-49.401;;38.889235;-77.059488;0.0;874.0;-0.283;-9.293;3.892;
20751;2014-04-11_07-48-51.201;;38.889235;-77.059488;0.0;874.0;-0.283;-9.293;3.892;
20781;2014-04-11_07-48-53.008;;38.889235;-77.059488;0.0;874.0;-1.053;-9.483;3.208;
20809;2014-04-11_07-48-55.440;;38.889235;-77.059488;0.0;874.0;-0.891;-9.313;3.557;
20851;2014-04-11_07-48-57.266;;38.889235;-77.059488;0.0;874.0;-0.891;-9.313;3.557;
20881;2014-04-11_07-48-59.068;;38.889235;-77.059488;0.0;874.0;-0.891;-9.313;3.557;
20911;2014-04-11_07-49-00.869;;38.889235;-77.059488;0.0;874.0;-1.11;-9.743;3.302;
20941;2014-04-11_07-49-02.671;;38.889235;-77.059488;0.0;874.0;-1.11;-9.743;3.302;
20971;2014-04-11_07-49-04.480;;38.889235;-77.059488;0.0;874.0;-0.409;-9.455;3.089;
20995;2014-04-11_07-49-06.405;;38.889235;-77.059488;0.0;874.0;-0.409;-9.455;3.089;
21033;2014-04-11_07-49-08.200;;38.889235;-77.059488;0.0;874.0;-0.427;-9.442;2.878;
21063;2014-04-11_07-49-10.002;;38.889235;-77.059488;0.0;874.0;-0.427;-9.442;2.878;
21092;2014-04-11_07-49-12.221;;38.889235;-77.059488;0.0;874.0;-0.819;-9.365;2.914;
21130;2014-04-11_07-49-14.030;;38.889235;-77.059488;0.0;874.0;-0.819;-9.365;2.914;
21160;2014-04-11_07-49-15.824;;38.889235;-77.059488;0.0;874.0;-0.45;-9.377;2.728;
21190;2014-04-11_07-49-17.685;;38.889235;-77.059488;0.0;874.0;-0.45;-9.377;2.728;
21221;2014-04-11_07-49-19.487;;38.889235;-77.059488;0.0;874.0;-0.321;-9.808;2.598;
21251;2014-04-11_07-49-21.289;;38.889235;-77.059488;0.0;874.0;-0.321;-9.808;2.598;
21281;2014-04-11_07-49-23.109;;38.889235;-77.059488;0.0;874.0;-0.321;-9.808;2.598;
21311;2014-04-11_07-49-24.893;;38.889235;-77.059488;0.0;874.0;-0.724;-9.23;2.85;
21341;2014-04-11_07-49-26.695;;38.889235;-77.059488;0.0;874.0;-0.724;-9.23;2.85;
21371;2014-04-11_07-49-28.501;;38.889235;-77.059488;0.0;874.0;-0.874;-9.386;2.904;
21401;2014-04-11_07-49-30.300;;38.889235;-77.059488;0.0;874.0;-0.874;-9.386;2.904;
21431;2014-04-11_07-49-32.098;;38.889235;-77.059488;0.0;874.0;-0.332;-9.156;3.3;
21461;2014-04-11_07-49-33.901;;38.889235;-77.059488;0.0;874.0;-0.332;-9.156;3.3;
21490;2014-04-11_07-49-35.674;;38.889235;-77.059488;0.0;874.0;-1.609;-9.118;2.594;
21520;2014-04-11_07-49-37.446;;38.889235;-77.059488;0.0;874.0;-1.609;-9.118;2.594;
21550;2014-04-11_07-49-39.250;;38.889235;-77.059488;0.0;874.0;-1.609;-9.118;2.594;
21580;2014-04-11_07-49-41.051;;38.889235;-77.059488;0.0;874.0;-2.611;-9.082;2.572;
21610;2014-04-11_07-49-42.850;;38.889235;-77.059488;0.0;874.0;-2.611;-9.082;2.572;
21640;2014-04-11_07-49-44.658;;38.886931;-77.063281;0.0;2,029.0;-3.349;-6.875;1.696;
21670;2014-04-11_07-49-46.454;;38.886931;-77.063281;0.0;2,029.0;-3.349;-6.875;1.696;
21700;2014-04-11_07-49-48.254;;38.886931;-77.063281;0.0;2,029.0;0.14;-9.087;4.054;
21730;2014-04-11_07-49-50.061;;38.886931;-77.063281;0.0;2,029.0;0.457;-7.19;4.588;
21760;2014-04-11_07-49-51.863;;38.886931;-77.063281;0.0;2,029.0;-1.3;-8.865;2.079;
21790;2014-04-11_07-49-53.660;;38.886931;-77.063281;0.0;2,029.0;-1.718;-7.985;1.516;
21820;2014-04-11_07-49-55.461;;38.886931;-77.063281;0.0;2,029.0;-1.718;-7.985;1.516;
21850;2014-04-11_07-49-57.267;;38.886931;-77.063281;0.0;2,029.0;-4.548;-8.377;2.543;
21880;2014-04-11_07-49-59.067;;38.886931;-77.063281;0.0;2,029.0;-4.548;-8.377;2.543;
21910;2014-04-11_07-50-00.868;;38.886931;-77.063281;0.0;2,029.0;-0.431;-5.3;3.346;
21940;2014-04-11_07-50-02.669;;38.886931;-77.063281;0.0;2,029.0;-0.431;-5.3;3.346;
21970;2014-04-11_07-50-04.471;;38.886931;-77.063281;0.0;2,029.0;-0.494;-5.088;5.596;
22000;2014-04-11_07-50-06.272;;38.886931;-77.063281;0.0;2,029.0;-0.494;-5.088;5.596;
22030;2014-04-11_07-50-08.160;;38.886931;-77.063281;0.0;2,029.0;-0.623;-11.678;1.346;
22061;2014-04-11_07-50-09.940;;38.886931;-77.063281;0.0;2,029.0;-0.623;-11.678;1.346;
22091;2014-04-11_07-50-11.742;;38.886931;-77.063281;0.0;2,029.0;-1.451;-10.749;1.738;
22121;2014-04-11_07-50-13.545;;38.886931;-77.063281;0.0;2,029.0;-1.451;-10.749;1.738;
22151;2014-04-11_07-50-15.340;;38.886931;-77.063281;0.0;2,029.0;-1.451;-10.749;1.738;
22181;2014-04-11_07-50-17.143;;38.886931;-77.063281;0.0;2,029.0;-2.405;-9.536;1.666;
22211;2014-04-11_07-50-18.943;;38.886931;-77.063281;0.0;2,029.0;-2.405;-9.536;1.666;
22241;2014-04-11_07-50-20.745;;38.886931;-77.063281;0.0;2,029.0;-1.067;-9.773;1.522;
22271;2014-04-11_07-50-22.568;;38.886931;-77.063281;0.0;2,029.0;-1.067;-9.773;1.522;
22301;2014-04-11_07-50-24.351;;38.886931;-77.063281;0.0;2,029.0;-1.104;-9.741;1.738;
22331;2014-04-11_07-50-26.150;;38.886931;-77.063281;0.0;2,029.0;-1.104;-9.741;1.738;
22361;2014-04-11_07-50-27.953;;38.886931;-77.063281;0.0;2,029.0;-2.987;-9.502;0.89;
22391;2014-04-11_07-50-29.759;;38.886931;-77.063281;0.0;2,029.0;-2.483;-9.463;0.888;
22421;2014-04-11_07-50-31.562;;38.886931;-77.063281;0.0;2,029.0;-2.483;-9.463;0.888;
22451;2014-04-11_07-50-33.360;;38.886931;-77.063281;0.0;2,029.0;-0.867;-9.732;1.321;
22481;2014-04-11_07-50-35.161;;38.886931;-77.063281;0.0;2,029.0;-0.867;-9.732;1.321;
22511;2014-04-11_07-50-36.965;;38.886931;-77.063281;0.0;2,029.0;-1.697;-9.684;1.031;
22541;2014-04-11_07-50-38.764;;38.886931;-77.063281;0.0;2,029.0;-1.647;-9.677;0.949;
22571;2014-04-11_07-50-40.564;;38.886931;-77.063281;0.0;2,029.0;-1.443;-9.796;0.582;
22601;2014-04-11_07-50-42.372;;38.886931;-77.063281;0.0;2,029.0;-1.443;-9.796;0.582;
22631;2014-04-11_07-50-44.172;;38.886931;-77.063281;0.0;2,029.0;-1.545;-9.637;1.11;
22661;2014-04-11_07-50-45.971;;38.886931;-77.063281;0.0;2,029.0;-1.545;-9.637;1.11;
22691;2014-04-11_07-50-47.773;;38.886931;-77.063281;0.0;2,029.0;-2.437;-9.295;2.225;
22721;2014-04-11_07-50-49.573;;38.886931;-77.063281;0.0;2,029.0;-2.437;-9.295;2.225;
22751;2014-04-11_07-50-51.381;;38.886931;-77.063281;0.0;2,029.0;-2.437;-9.295;2.225;
22781;2014-04-11_07-50-53.177;;38.886931;-77.063281;0.0;2,029.0;-1.395;-9.594;2.304;
22811;2014-04-11_07-50-54.977;;38.886931;-77.063281;0.0;2,029.0;-1.395;-9.594;2.304;
22841;2014-04-11_07-50-56.779;;38.886931;-77.063281;0.0;2,029.0;-0.997;-9.81;1.658;
22871;2014-04-11_07-50-58.583;;38.886931;-77.063281;0.0;2,029.0;-0.997;-9.81;1.658;
22896;2014-04-11_07-51-00.305;;38.886931;-77.063281;0.0;2,029.0;-0.05;-7.46;3.891;
22932;2014-04-11_07-51-02.252;;38.886931;-77.063281;0.0;2,029.0;-0.05;-7.46;3.891;
22962;2014-04-11_07-51-04.050;;38.886931;-77.063281;0.0;2,029.0;1.901;-8.771;4.405;
22992;2014-04-11_07-51-05.849;;38.886931;-77.063281;0.0;2,029.0;1.901;-8.771;4.405;
23022;2014-04-11_07-51-07.649;;38.886931;-77.063281;0.0;2,029.0;1.901;-8.771;4.405;
23052;2014-04-11_07-51-09.452;;38.886931;-77.063281;0.0;2,029.0;-6.17;-9.71;0.685;
23082;2014-04-11_07-51-11.255;;38.886931;-77.063281;0.0;2,029.0;-6.17;-9.71;0.685;
23112;2014-04-11_07-51-13.066;;38.886931;-77.063281;0.0;2,029.0;-1.732;-9.622;1.995;
23142;2014-04-11_07-51-14.862;;38.886931;-77.063281;0.0;2,029.0;-1.732;-9.622;1.995;
23172;2014-04-11_07-51-16.659;;38.886931;-77.063281;0.0;2,029.0;-1.58;-9.69;1.629;
23202;2014-04-11_07-51-18.459;;38.886931;-77.063281;0.0;2,029.0;-1.58;-9.69;1.629;
23232;2014-04-11_07-51-20.262;;38.886931;-77.063281;0.0;2,029.0;-1.697;-9.645;1.524;
23262;2014-04-11_07-51-22.064;;38.886931;-77.063281;0.0;2,029.0;-1.697;-9.645;1.524;
23292;2014-04-11_07-51-23.869;;38.886931;-77.063281;0.0;2,029.0;-3.041;-9.752;1.456;
23322;2014-04-11_07-51-25.667;;38.886931;-77.063281;0.0;2,029.0;-3.041;-9.752;1.456;
23352;2014-04-11_07-51-27.471;;38.886931;-77.063281;0.0;2,029.0;-3.041;-9.752;1.456;
23382;2014-04-11_07-51-29.272;;38.886931;-77.063281;0.0;2,029.0;-2.449;-9.401;2.107;
23411;2014-04-11_07-51-31.105;;38.886931;-77.063281;0.0;2,029.0;-2.449;-9.401;2.107;
23442;2014-04-11_07-51-32.881;;38.886931;-77.063281;0.0;2,029.0;-2.741;-9.252;1.059;
23472;2014-04-11_07-51-34.675;;38.886931;-77.063281;0.0;2,029.0;-2.741;-9.252;1.059;
23502;2014-04-11_07-51-36.483;;38.886931;-77.063281;0.0;2,029.0;-1.231;-9.234;0.198;
23532;2014-04-11_07-51-38.279;;38.886931;-77.063281;0.0;2,029.0;-1.231;-9.234;0.198;
23562;2014-04-11_07-51-40.080;;38.886931;-77.063281;0.0;2,029.0;-1.727;-9.71;1.378;
23592;2014-04-11_07-51-41.882;;38.886931;-77.063281;0.0;2,029.0;-1.727;-9.71;1.378;
23622;2014-04-11_07-51-43.683;;38.886931;-77.063281;0.0;2,029.0;-1.727;-9.71;1.378;
23652;2014-04-11_07-51-45.490;;38.886931;-77.063281;0.0;2,029.0;-1.549;-9.751;1.296;
23682;2014-04-11_07-51-47.288;;38.886931;-77.063281;0.0;2,029.0;-1.549;-9.751;1.296;
23712;2014-04-11_07-51-49.092;;38.886931;-77.063281;0.0;2,029.0;-0.57;-9.355;3.138;
23742;2014-04-11_07-51-50.890;;38.886931;-77.063281;0.0;2,029.0;-0.57;-9.355;3.138;
23772;2014-04-11_07-51-52.695;;38.886931;-77.063281;0.0;2,029.0;-0.785;-9.811;1.313;
23802;2014-04-11_07-51-54.494;;38.886931;-77.063281;0.0;2,029.0;-0.785;-9.811;1.313;
23832;2014-04-11_07-51-56.295;;38.886931;-77.063281;0.0;2,029.0;-0.679;-9.489;1.564;
23862;2014-04-11_07-51-58.099;;38.886931;-77.063281;0.0;2,029.0;-0.679;-9.489;1.564;
23892;2014-04-11_07-51-59.902;;38.886931;-77.063281;0.0;2,029.0;-1.247;-9.628;2.106;
23922;2014-04-11_07-52-01.705;;38.886931;-77.063281;0.0;2,029.0;-1.247;-9.628;2.106;
23951;2014-04-11_07-52-03.597;;38.886931;-77.063281;0.0;2,029.0;-1.293;-9.613;2.073;
23984;2014-04-11_07-52-05.427;;38.886931;-77.063281;0.0;2,029.0;-2.641;-9.23;2.274;
24014;2014-04-11_07-52-07.229;;38.886931;-77.063281;0.0;2,029.0;-2.641;-9.23;2.274;
24044;2014-04-11_07-52-09.028;;38.886931;-77.063281;0.0;2,029.0;-1.255;-9.798;1.625;
24074;2014-04-11_07-52-10.832;;38.886931;-77.063281;0.0;2,029.0;-1.255;-9.798;1.625;
24104;2014-04-11_07-52-12.631;;38.886931;-77.063281;0.0;2,029.0;-0.284;-9.457;3.174;
24134;2014-04-11_07-52-14.447;;38.886931;-77.063281;0.0;2,029.0;-0.284;-9.457;3.174;
24164;2014-04-11_07-52-16.241;;38.886931;-77.063281;0.0;2,029.0;-0.514;-9.749;1.886;
24194;2014-04-11_07-52-18.040;;38.886931;-77.063281;0.0;2,029.0;-0.514;-9.749;1.886;
24224;2014-04-11_07-52-19.841;;38.886931;-77.063281;0.0;2,029.0;-1.183;-9.776;1.381;
24254;2014-04-11_07-52-21.646;;38.886931;-77.063281;0.0;2,029.0;-1.183;-9.776;1.381;
24284;2014-04-11_07-52-23.445;;38.886931;-77.063281;0.0;2,029.0;-1.183;-9.776;1.381;
24314;2014-04-11_07-52-25.243;;38.886931;-77.063281;0.0;2,029.0;-1.578;-9.71;1.265;
24344;2014-04-11_07-52-27.046;;38.886931;-77.063281;0.0;2,029.0;-1.578;-9.71;1.265;
24374;2014-04-11_07-52-28.851;;38.886931;-77.063281;0.0;2,029.0;-1.749;-9.741;0.869;
24404;2014-04-11_07-52-30.648;;38.886931;-77.063281;0.0;2,029.0;-1.749;-9.741;0.869;
24434;2014-04-11_07-52-32.450;;38.886931;-77.063281;0.0;2,029.0;-2.031;-9.677;0.791;
24464;2014-04-11_07-52-34.252;;38.886931;-77.063281;0.0;2,029.0;-2.031;-9.677;0.791;
24494;2014-04-11_07-52-36.053;;38.886931;-77.063281;0.0;2,029.0;-0.869;-9.671;2.616;
24524;2014-04-11_07-52-37.857;;38.886931;-77.063281;0.0;2,029.0;-0.869;-9.671;2.616;
24554;2014-04-11_07-52-39.658;;38.886931;-77.063281;0.0;2,029.0;-0.869;-9.671;2.616;
24584;2014-04-11_07-52-41.460;;38.886931;-77.063281;0.0;2,029.0;-1.665;-9.946;1.076;
24614;2014-04-11_07-52-43.269;;38.886931;-77.063281;0.0;2,029.0;-1.665;-9.946;1.076;
24644;2014-04-11_07-52-45.066;;38.886931;-77.063281;0.0;2,029.0;-1.098;-9.851;0.846;
24674;2014-04-11_07-52-46.870;;38.886931;-77.063281;0.0;2,029.0;-1.098;-9.851;0.846;
24703;2014-04-11_07-52-48.674;;38.886931;-77.063281;0.0;2,029.0;-1.362;-9.477;2.228;
24734;2014-04-11_07-52-50.468;;38.886931;-77.063281;0.0;2,029.0;-1.362;-9.477;2.228;
24764;2014-04-11_07-52-52.268;;38.886931;-77.063281;0.0;2,029.0;0.849;-8.818;0.503;
24794;2014-04-11_07-52-54.071;;38.886931;-77.063281;0.0;2,029.0;0.849;-8.818;0.503;
24824;2014-04-11_07-52-55.874;;38.886931;-77.063281;0.0;2,029.0;-2.659;-9.571;1.389;
24854;2014-04-11_07-52-57.682;;38.886931;-77.063281;0.0;2,029.0;-2.659;-9.571;1.389;
24884;2014-04-11_07-52-59.484;;38.886931;-77.063281;0.0;2,029.0;-2.659;-9.571;1.389;
24914;2014-04-11_07-53-01.281;;38.886931;-77.063281;0.0;2,029.0;-2.538;-9.495;1.148;
24944;2014-04-11_07-53-03.078;;38.886931;-77.063281;0.0;2,029.0;-2.538;-9.495;1.148;
24974;2014-04-11_07-53-04.880;;38.886931;-77.063281;0.0;2,029.0;-2.546;-9.508;1.115;
25004;2014-04-11_07-53-06.684;;38.886931;-77.063281;0.0;2,029.0;-2.546;-9.508;1.115;
25034;2014-04-11_07-53-08.492;;38.886931;-77.063281;0.0;2,029.0;-2.154;-9.629;1.166;
25064;2014-04-11_07-53-10.292;;38.886931;-77.063281;0.0;2,029.0;-2.154;-9.629;1.166;
25094;2014-04-11_07-53-12.087;;38.886931;-77.063281;0.0;2,029.0;-2.079;-9.631;1.247;
25124;2014-04-11_07-53-13.898;;38.886931;-77.063281;0.0;2,029.0;-2.079;-9.631;1.247;
25154;2014-04-11_07-53-15.696;;38.886931;-77.063281;0.0;2,029.0;-2.079;-9.631;1.247;
25184;2014-04-11_07-53-17.496;;38.886931;-77.063281;0.0;2,029.0;-1.069;-9.792;1.519;
25214;2014-04-11_07-53-19.299;;38.886931;-77.063281;0.0;2,029.0;-1.069;-9.792;1.519;
25244;2014-04-11_07-53-21.098;;38.886931;-77.063281;0.0;2,029.0;-1.018;-10.142;1.569;
25274;2014-04-11_07-53-22.899;;38.886931;-77.063281;0.0;2,029.0;-1.018;-10.142;1.569;
25304;2014-04-11_07-53-24.700;;38.886931;-77.063281;0.0;2,029.0;-0.971;-9.769;1.113;
25334;2014-04-11_07-53-26.501;;38.886931;-77.063281;0.0;2,029.0;-0.971;-9.769;1.113;
25364;2014-04-11_07-53-28.306;;38.886931;-77.063281;0.0;2,029.0;-2.821;-9.072;0.314;
25394;2014-04-11_07-53-30.108;;38.886931;-77.063281;0.0;2,029.0;-2.821;-9.072;0.314;
25424;2014-04-11_07-53-31.915;;38.886931;-77.063281;0.0;2,029.0;-1.532;-9.621;2.176;
25454;2014-04-11_07-53-33.758;;38.886931;-77.063281;0.0;2,029.0;-1.532;-9.621;2.176;
25485;2014-04-11_07-53-35.569;;38.886931;-77.063281;0.0;2,029.0;-1.532;-9.621;2.176;
25515;2014-04-11_07-53-37.372;;38.886931;-77.063281;0.0;2,029.0;-2.441;-9.227;2.053;
25545;2014-04-11_07-53-39.173;;38.886931;-77.063281;0.0;2,029.0;-2.441;-9.227;2.053;
25575;2014-04-11_07-53-40.975;;38.886931;-77.063281;0.0;2,029.0;-1.793;-9.373;2.206;
25605;2014-04-11_07-53-42.775;;38.886931;-77.063281;0.0;2,029.0;-1.793;-9.373;2.206;
25635;2014-04-11_07-53-44.577;;38.886931;-77.063281;0.0;2,029.0;-0.929;-9.667;2.115;
25665;2014-04-11_07-53-46.457;;38.886931;-77.063281;0.0;2,029.0;-0.929;-9.667;2.115;
25696;2014-04-11_07-53-48.244;;38.886931;-77.063281;0.0;2,029.0;-1.198;-9.737;2.179;
25726;2014-04-11_07-53-50.044;;38.886931;-77.063281;0.0;2,029.0;-1.198;-9.737;2.179;
25756;2014-04-11_07-53-51.848;;38.886931;-77.063281;0.0;2,029.0;-1.198;-9.737;2.179;
25786;2014-04-11_07-53-53.647;;38.886931;-77.063281;0.0;2,029.0;-1.096;-9.864;2.411;
25816;2014-04-11_07-53-55.450;;38.886931;-77.063281;0.0;2,029.0;-1.096;-9.864;2.411;
25846;2014-04-11_07-53-57.250;;38.886931;-77.063281;0.0;2,029.0;-1.797;-9.926;1.639;
25876;2014-04-11_07-53-59.056;;38.886931;-77.063281;0.0;2,029.0;-1.797;-9.926;1.639;
25906;2014-04-11_07-54-00.857;;38.886931;-77.063281;0.0;2,029.0;-1.426;-9.525;3.469;
25936;2014-04-11_07-54-02.656;;38.886931;-77.063281;0.0;2,029.0;-1.426;-9.525;3.469;
25966;2014-04-11_07-54-04.459;;38.886931;-77.063281;0.0;2,029.0;-1.571;-9.346;4.046;
25996;2014-04-11_07-54-06.262;;38.886931;-77.063281;0.0;2,029.0;-1.571;-9.346;4.046;
26026;2014-04-11_07-54-08.063;;38.886931;-77.063281;0.0;2,029.0;-1.923;-9.237;2.672;
26056;2014-04-11_07-54-09.871;;38.886931;-77.063281;0.0;2,029.0;-1.923;-9.237;2.672;
26086;2014-04-11_07-54-11.662;;38.886931;-77.063281;0.0;2,029.0;-1.923;-9.237;2.672;
26116;2014-04-11_07-54-13.470;;38.886931;-77.063281;0.0;2,029.0;-3.048;-8.751;3.302;
26146;2014-04-11_07-54-15.272;;38.886931;-77.063281;0.0;2,029.0;-3.048;-8.751;3.302;
26176;2014-04-11_07-54-17.069;;38.886931;-77.063281;0.0;2,029.0;-2.675;-9.212;1.949;
26206;2014-04-11_07-54-18.871;;38.886931;-77.063281;0.0;2,029.0;-2.675;-9.212;1.949;
26236;2014-04-11_07-54-20.677;;38.886931;-77.063281;0.0;2,029.0;-2.067;-9.529;2.676;
26266;2014-04-11_07-54-22.474;;38.886931;-77.063281;0.0;2,029.0;-2.067;-9.529;2.676;
26296;2014-04-11_07-54-24.277;;38.886931;-77.063281;0.0;2,029.0;-1.322;-9.814;2.341;
26326;2014-04-11_07-54-26.098;;38.886931;-77.063281;0.0;2,029.0;-1.322;-9.814;2.341;
26356;2014-04-11_07-54-27.885;;38.886931;-77.063281;0.0;2,029.0;-1.322;-9.814;2.341;
26386;2014-04-11_07-54-29.688;;38.886931;-77.063281;0.0;2,029.0;-0.784;-9.539;2.254;
26416;2014-04-11_07-54-31.487;;38.886931;-77.063281;0.0;2,029.0;-0.784;-9.539;2.254;
26446;2014-04-11_07-54-33.305;;38.886931;-77.063281;0.0;2,029.0;-0.499;-9.685;2.039;
26476;2014-04-11_07-54-35.088;;38.886931;-77.063281;0.0;2,029.0;-0.499;-9.685;2.039;
26506;2014-04-11_07-54-36.887;;38.886931;-77.063281;0.0;2,029.0;0.136;-9.52;2.671;
26536;2014-04-11_07-54-38.691;;38.886931;-77.063281;0.0;2,029.0;0.136;-9.52;2.671;
26566;2014-04-11_07-54-40.491;;38.886931;-77.063281;0.0;2,029.0;-1.167;-10.273;2.116;
26596;2014-04-11_07-54-42.292;;38.886931;-77.063281;0.0;2,029.0;-1.167;-10.273;2.116;
26625;2014-04-11_07-54-44.098;;38.886931;-77.063281;0.0;2,029.0;-0.265;-10.15;1.706;
26656;2014-04-11_07-54-45.902;;38.886931;-77.063281;0.0;2,029.0;-0.265;-10.15;1.706;
26686;2014-04-11_07-54-47.697;;38.886931;-77.063281;0.0;2,029.0;-0.265;-10.15;1.706;
26716;2014-04-11_07-54-49.503;;38.886931;-77.063281;0.0;2,029.0;0.19;-9.787;1.076;
26746;2014-04-11_07-54-51.301;;38.886931;-77.063281;0.0;2,029.0;0.19;-9.787;1.076;
26776;2014-04-11_07-54-53.102;;38.886931;-77.063281;0.0;2,029.0;0.593;-9.779;1.567;
26806;2014-04-11_07-54-54.910;;38.886931;-77.063281;0.0;2,029.0;0.593;-9.779;1.567;
26836;2014-04-11_07-54-56.711;;38.886931;-77.063281;0.0;2,029.0;0.605;-10.069;1.908;
26865;2014-04-11_07-54-58.476;;38.886931;-77.063281;0.0;2,029.0;0.605;-10.069;1.908;
26891;2014-04-11_07-55-00.070;;38.886931;-77.063281;0.0;2,029.0;-0.821;-9.61;0.934;
26930;2014-04-11_07-55-02.351;;38.886931;-77.063281;0.0;2,029.0;-0.821;-9.61;0.934;
26959;2014-04-11_07-55-04.239;;38.886931;-77.063281;0.0;2,029.0;-1.599;-9.54;2.337;
26991;2014-04-11_07-55-06.022;;38.886931;-77.063281;0.0;2,029.0;-1.599;-9.54;2.337;
27021;2014-04-11_07-55-07.822;;38.886931;-77.063281;0.0;2,029.0;-1.599;-9.54;2.337;
27051;2014-04-11_07-55-09.618;;38.886931;-77.063281;0.0;2,029.0;-0.642;-9.632;2.373;
27081;2014-04-11_07-55-11.429;;38.886931;-77.063281;0.0;2,029.0;-0.642;-9.632;2.373;
27111;2014-04-11_07-55-13.232;;38.886931;-77.063281;0.0;2,029.0;-0.473;-9.899;1.79;
27141;2014-04-11_07-55-15.025;;38.886931;-77.063281;0.0;2,029.0;-0.473;-9.899;1.79;
27171;2014-04-11_07-55-16.839;;38.886931;-77.063281;0.0;2,029.0;-1.447;-9.635;2.186;
27201;2014-04-11_07-55-18.630;;38.886931;-77.063281;0.0;2,029.0;-1.447;-9.635;2.186;
27231;2014-04-11_07-55-20.430;;38.886931;-77.063281;0.0;2,029.0;-2.342;-9.366;2.378;
27261;2014-04-11_07-55-22.230;;38.886931;-77.063281;0.0;2,029.0;-2.342;-9.366;2.378;
27291;2014-04-11_07-55-24.033;;38.886931;-77.063281;0.0;2,029.0;-2.342;-9.366;2.378;
27321;2014-04-11_07-55-25.833;;38.886931;-77.063281;0.0;2,029.0;-1.898;-9.642;1.439;
27351;2014-04-11_07-55-27.641;;38.886931;-77.063281;0.0;2,029.0;-1.898;-9.642;1.439;
27381;2014-04-11_07-55-29.439;;38.886931;-77.063281;0.0;2,029.0;-2.247;-9.989;2.515;
27411;2014-04-11_07-55-31.239;;38.886931;-77.063281;0.0;2,029.0;-2.247;-9.989;2.515;
27441;2014-04-11_07-55-33.044;;38.886931;-77.063281;0.0;2,029.0;-2.468;-9.133;2.799;
27471;2014-04-11_07-55-34.842;;38.886931;-77.063281;0.0;2,029.0;-2.468;-9.133;2.799;
27501;2014-04-11_07-55-36.645;;38.886931;-77.063281;0.0;2,029.0;0.982;-9.899;5.167;
27531;2014-04-11_07-55-38.448;;38.886931;-77.063281;0.0;2,029.0;0.982;-9.899;5.167;
27561;2014-04-11_07-55-40.248;;38.886931;-77.063281;0.0;2,029.0;0.993;-7.489;1.64;
27591;2014-04-11_07-55-42.051;;38.886931;-77.063281;0.0;2,029.0;0.993;-7.489;1.64;
27621;2014-04-11_07-55-43.863;;38.886931;-77.063281;0.0;2,029.0;0.993;-7.489;1.64;
27651;2014-04-11_07-55-45.655;;38.885027;-77.100572;0.0;2,187.0;-0.62;-6.658;3.177;
27681;2014-04-11_07-55-47.454;;38.885027;-77.100572;0.0;2,187.0;-0.62;-6.658;3.177;
27711;2014-04-11_07-55-49.257;;38.885027;-77.100572;0.0;2,187.0;-3.123;-9.033;2.121;
27741;2014-04-11_07-55-51.057;;38.885027;-77.100572;0.0;2,187.0;-3.123;-9.033;2.121;
27771;2014-04-11_07-55-52.862;;38.885027;-77.100572;0.0;2,187.0;-3.033;-9.072;2.059;
27801;2014-04-11_07-55-54.665;;38.885027;-77.100572;0.0;2,187.0;-3.033;-9.072;2.059;
27831;2014-04-11_07-55-56.467;;38.885027;-77.100572;0.0;2,187.0;-2.904;-9.261;2.144;
27861;2014-04-11_07-55-58.269;;38.885027;-77.100572;0.0;2,187.0;-2.904;-9.261;2.144;
27890;2014-04-11_07-56-00.359;;38.885027;-77.100572;0.0;2,187.0;-3.402;-8.745;2.152;
27926;2014-04-11_07-56-02.170;;38.885027;-77.100572;0.0;2,187.0;-3.402;-8.745;2.152;
27956;2014-04-11_07-56-03.972;;38.885027;-77.100572;0.0;2,187.0;-3.402;-8.745;2.152;
27984;2014-04-11_07-56-05.737;;38.885027;-77.100572;0.0;2,187.0;-1.345;-8.47;4.12;
28015;2014-04-11_07-56-07.513;;38.885027;-77.100572;0.0;2,187.0;0.252;-10.193;4.752;
28044;2014-04-11_07-56-09.268;;38.885027;-77.100572;0.0;2,187.0;-1.559;-12.191;0.77;
28075;2014-04-11_07-56-11.119;;38.885027;-77.100572;0.0;2,187.0;-1.559;-12.191;0.77;
28105;2014-04-11_07-56-12.920;;38.885027;-77.100572;0.0;2,187.0;-0.289;-5.635;5.546;
28135;2014-04-11_07-56-14.721;;38.885027;-77.100572;0.0;2,187.0;-0.289;-5.635;5.546;
28165;2014-04-11_07-56-16.530;;38.885027;-77.100572;0.0;2,187.0;-3.824;-8.673;8.955;
28195;2014-04-11_07-56-18.326;;38.885027;-77.100572;0.0;2,187.0;-3.824;-8.673;8.955;
28225;2014-04-11_07-56-20.125;;38.885027;-77.100572;0.0;2,187.0;-3.824;-8.673;8.955;
28255;2014-04-11_07-56-21.930;;38.885027;-77.100572;0.0;2,187.0;-0.963;-9.465;3.858;
28285;2014-04-11_07-56-23.727;;38.885027;-77.100572;0.0;2,187.0;-0.963;-9.465;3.858;
28315;2014-04-11_07-56-25.530;;38.885027;-77.100572;0.0;2,187.0;0.189;-5.748;0.962;
28345;2014-04-11_07-56-27.333;;38.885027;-77.100572;0.0;2,187.0;0.189;-5.748;0.962;
28375;2014-04-11_07-56-29.134;;38.885027;-77.100572;0.0;2,187.0;-4.867;-7.478;7.485;
28405;2014-04-11_07-56-30.945;;38.885027;-77.100572;0.0;2,187.0;-4.867;-7.478;7.485;
28435;2014-04-11_07-56-32.741;;38.885027;-77.100572;0.0;2,187.0;0.654;-7.043;3.946;
28465;2014-04-11_07-56-34.538;;38.885027;-77.100572;0.0;2,187.0;0.654;-7.043;3.946;
28495;2014-04-11_07-56-36.340;;38.885027;-77.100572;0.0;2,187.0;-4.389;-12.23;-2.383;
28552;2014-04-11_07-56-38.123;;38.885027;-77.100572;0.0;2,187.0;-4.389;-12.23;-2.383;
28640;2014-04-11_07-56-39.896;;38.885027;-77.100572;0.0;2,187.0;-4.389;-12.23;-2.383;
28719;2014-04-11_07-56-41.667;;38.885027;-77.100572;0.0;2,187.0;-2.916;-8.493;2.61;
28808;2014-04-11_07-56-43.457;;38.885027;-77.100572;0.0;2,187.0;-2.916;-8.493;2.61;
28883;2014-04-11_07-56-45.232;;38.885027;-77.100572;0.0;2,187.0;-0.083;-8.835;1.793;
28971;2014-04-11_07-56-46.998;;38.885027;-77.100572;0.0;2,187.0;-0.083;-8.835;1.793;
29046;2014-04-11_07-56-48.774;;38.885027;-77.100572;0.0;2,187.0;-7.514;-3.506;-4.045;
29076;2014-04-11_07-56-50.577;;38.885027;-77.100572;0.0;2,187.0;-7.514;-3.506;-4.045;
29106;2014-04-11_07-56-52.378;;38.885027;-77.100572;0.0;2,187.0;-3.528;-8.051;3.028;
29136;2014-04-11_07-56-54.183;;38.885027;-77.100572;0.0;2,187.0;-3.528;-8.051;3.028;
29166;2014-04-11_07-56-55.982;;38.885027;-77.100572;0.0;2,187.0;-3.528;-8.051;3.028;
29196;2014-04-11_07-56-57.789;;38.885027;-77.100572;0.0;2,187.0;-16.486;-10.971;8.21;
29226;2014-04-11_07-56-59.588;;38.885027;-77.100572;0.0;2,187.0;-16.486;-10.971;8.21;
29256;2014-04-11_07-57-01.392;;38.885027;-77.100572;0.0;2,187.0;-4.747;-6.639;1.772;
29286;2014-04-11_07-57-03.192;;38.885027;-77.100572;0.0;2,187.0;-4.747;-6.639;1.772;
29316;2014-04-11_07-57-04.990;;38.885027;-77.100572;0.0;2,187.0;-8.248;-7.564;3.123;
29346;2014-04-11_07-57-06.800;;38.885027;-77.100572;0.0;2,187.0;-8.248;-7.564;3.123;
29376;2014-04-11_07-57-08.594;;38.885027;-77.100572;0.0;2,187.0;-0.134;-10.615;3.161;
29406;2014-04-11_07-57-10.397;;38.885027;-77.100572;0.0;2,187.0;-0.134;-10.615;3.161;
29436;2014-04-11_07-57-12.198;;38.885027;-77.100572;0.0;2,187.0;-0.134;-10.615;3.161;
29466;2014-04-11_07-57-14.000;;38.885027;-77.100572;0.0;2,187.0;-0.385;-9.659;2.409;
29496;2014-04-11_07-57-15.803;;38.885027;-77.100572;0.0;2,187.0;-0.385;-9.659;2.409;
29526;2014-04-11_07-57-17.602;;38.885027;-77.100572;0.0;2,187.0;-0.78;-9.35;3.032;
29556;2014-04-11_07-57-19.404;;38.885027;-77.100572;0.0;2,187.0;-0.78;-9.35;3.032;
29586;2014-04-11_07-57-21.206;;38.885027;-77.100572;0.0;2,187.0;-0.746;-9.707;1.96;
29616;2014-04-11_07-57-23.007;;38.885027;-77.100572;0.0;2,187.0;-0.746;-9.707;1.96;
29646;2014-04-11_07-57-24.815;;38.885027;-77.100572;0.0;2,187.0;-0.596;-9.475;2.996;
29676;2014-04-11_07-57-26.613;;38.885027;-77.100572;0.0;2,187.0;-0.596;-9.475;2.996;
29706;2014-04-11_07-57-28.426;;38.885027;-77.100572;0.0;2,187.0;-0.596;-9.475;2.996;
29736;2014-04-11_07-57-30.216;;38.885027;-77.100572;0.0;2,187.0;-4.662;-6.692;3.509;
29766;2014-04-11_07-57-32.017;;38.885027;-77.100572;0.0;2,187.0;-4.662;-6.692;3.509;
29796;2014-04-11_07-57-33.843;;38.885027;-77.100572;0.0;2,187.0;-4.314;-10.159;3.594;
29826;2014-04-11_07-57-35.621;;38.885027;-77.100572;0.0;2,187.0;-4.314;-10.159;3.594;
29856;2014-04-11_07-57-37.422;;38.885027;-77.100572;0.0;2,187.0;-9.478;-8.457;4.481;
29886;2014-04-11_07-57-39.225;;38.885027;-77.100572;0.0;2,187.0;-9.478;-8.457;4.481;
29916;2014-04-11_07-57-41.024;;38.885027;-77.100572;0.0;2,187.0;-2.583;-10.262;2.64;
29946;2014-04-11_07-57-42.829;;38.885027;-77.100572;0.0;2,187.0;-2.583;-10.262;2.64;
29976;2014-04-11_07-57-44.631;;38.885027;-77.100572;0.0;2,187.0;-3.818;-6.5;5.613;
30006;2014-04-11_07-57-46.431;;38.885027;-77.100572;0.0;2,187.0;-3.818;-6.5;5.613;
30036;2014-04-11_07-57-48.231;;38.885027;-77.100572;0.0;2,187.0;-3.818;-6.5;5.613;
30066;2014-04-11_07-57-50.036;;38.885027;-77.100572;0.0;2,187.0;-3.875;-18.332;8.619;
30096;2014-04-11_07-57-51.837;;38.885027;-77.100572;0.0;2,187.0;-3.875;-18.332;8.619;
30126;2014-04-11_07-57-53.640;;38.885027;-77.100572;0.0;2,187.0;0.805;-7.539;1.858;
30156;2014-04-11_07-57-55.459;;38.885027;-77.100572;0.0;2,187.0;0.805;-7.539;1.858;
30186;2014-04-11_07-57-57.242;;38.885027;-77.100572;0.0;2,187.0;-3.906;-6.877;2.321;
30216;2014-04-11_07-57-59.047;;38.885027;-77.100572;0.0;2,187.0;-3.906;-6.877;2.321;
30246;2014-04-11_07-58-00.854;;38.885027;-77.100572;0.0;2,187.0;-2.771;-6.874;1.986;
30276;2014-04-11_07-58-02.651;;38.885027;-77.100572;0.0;2,187.0;-2.771;-6.874;1.986;
30306;2014-04-11_07-58-04.447;;38.885027;-77.100572;0.0;2,187.0;-2.771;-6.874;1.986;
30336;2014-04-11_07-58-06.249;;38.885027;-77.100572;0.0;2,187.0;-0.715;-10.576;2.024;
30366;2014-04-11_07-58-08.052;;38.885027;-77.100572;0.0;2,187.0;-0.715;-10.576;2.024;
30396;2014-04-11_07-58-09.858;;38.885027;-77.100572;0.0;2,187.0;-4.81;-17.372;0.245;
30426;2014-04-11_07-58-11.653;;38.885027;-77.100572;0.0;2,187.0;-4.81;-17.372;0.245;
30456;2014-04-11_07-58-13.458;;38.885027;-77.100572;0.0;2,187.0;-2.61;-8.037;3.065;
30486;2014-04-11_07-58-15.261;;38.885027;-77.100572;0.0;2,187.0;-2.61;-8.037;3.065;
30516;2014-04-11_07-58-17.058;;38.885027;-77.100572;0.0;2,187.0;-13.6;-7.533;5.38;
30546;2014-04-11_07-58-18.863;;38.885027;-77.100572;0.0;2,187.0;-13.6;-7.533;5.38;
30576;2014-04-11_07-58-20.667;;38.885027;-77.100572;0.0;2,187.0;-1.722;-13.397;6.919;
30606;2014-04-11_07-58-22.466;;38.885027;-77.100572;0.0;2,187.0;-6.392;-3.451;5.44;
30636;2014-04-11_07-58-24.266;;38.885027;-77.100572;0.0;2,187.0;-6.392;-3.451;5.44;
30666;2014-04-11_07-58-26.069;;38.885027;-77.100572;0.0;2,187.0;-0.214;-8.835;1.664;
30696;2014-04-11_07-58-27.869;;38.885027;-77.100572;0.0;2,187.0;-6.296;-15.732;1.664;
30726;2014-04-11_07-58-29.674;;38.885027;-77.100572;0.0;2,187.0;-8.082;-6.649;-4.775;
30756;2014-04-11_07-58-31.477;;38.885027;-77.100572;0.0;2,187.0;-8.082;-6.649;-4.775;
30786;2014-04-11_07-58-33.280;;38.885027;-77.100572;0.0;2,187.0;-4.214;-8.085;2.585;
30816;2014-04-11_07-58-35.078;;38.885027;-77.100572;0.0;2,187.0;-4.214;-8.085;2.585;
30846;2014-04-11_07-58-36.878;;38.885027;-77.100572;0.0;2,187.0;-13.919;-8.431;6.08;
30876;2014-04-11_07-58-38.681;;38.885027;-77.100572;0.0;2,187.0;-13.919;-8.431;6.08;
30906;2014-04-11_07-58-40.480;;38.885027;-77.100572;0.0;2,187.0;-13.919;-8.431;6.08;
30936;2014-04-11_07-58-42.282;;38.885027;-77.100572;0.0;2,187.0;-4.869;-11.976;7.215;
30965;2014-04-11_07-58-44.064;;38.885027;-77.100572;0.0;2,187.0;-6.905;-4.246;3.607;
30995;2014-04-11_07-58-45.833;;38.885027;-77.100572;0.0;2,187.0;-0.856;-8.629;1.672;
31025;2014-04-11_07-58-47.629;;38.885027;-77.100572;0.0;2,187.0;-0.856;-8.629;1.672;
31055;2014-04-11_07-58-49.429;;38.885027;-77.100572;0.0;2,187.0;-3.524;-13.35;-1.741;
31085;2014-04-11_07-58-51.233;;38.885027;-77.100572;0.0;2,187.0;-3.524;-13.35;-1.741;
31115;2014-04-11_07-58-53.035;;38.885027;-77.100572;0.0;2,187.0;-2.364;-8.811;3.671;
31145;2014-04-11_07-58-54.885;;38.885027;-77.100572;0.0;2,187.0;-2.364;-8.811;3.671;
31176;2014-04-11_07-58-56.697;;38.885027;-77.100572;0.0;2,187.0;0.628;-4.973;-0.005;
31206;2014-04-11_07-58-58.503;;38.885027;-77.100572;0.0;2,187.0;0.628;-4.973;-0.005;
31232;2014-04-11_07-59-00.332;;38.885027;-77.100572;0.0;2,187.0;0.628;-4.973;-0.005;
31266;2014-04-11_07-59-02.101;;38.885027;-77.100572;0.0;2,187.0;-4.167;-8.269;8.365;
31296;2014-04-11_07-59-03.905;;38.885027;-77.100572;0.0;2,187.0;-4.167;-8.269;8.365;
31326;2014-04-11_07-59-05.705;;38.885027;-77.100572;0.0;2,187.0;0.235;-8.436;4.213;
31356;2014-04-11_07-59-07.511;;38.885027;-77.100572;0.0;2,187.0;0.235;-8.436;4.213;
31386;2014-04-11_07-59-09.310;;38.885027;-77.100572;0.0;2,187.0;1.895;-6.972;2.568;
31416;2014-04-11_07-59-11.111;;38.885027;-77.100572;0.0;2,187.0;1.895;-6.972;2.568;
31446;2014-04-11_07-59-12.916;;38.885027;-77.100572;0.0;2,187.0;-2.911;-4.583;3.786;
31476;2014-04-11_07-59-14.727;;38.885027;-77.100572;0.0;2,187.0;-2.911;-4.583;3.786;
31506;2014-04-11_07-59-16.518;;38.885027;-77.100572;0.0;2,187.0;-2.911;-4.583;3.786;
31536;2014-04-11_07-59-18.316;;38.885027;-77.100572;0.0;2,187.0;-4.049;-15.506;1.598;
31566;2014-04-11_07-59-20.119;;38.885027;-77.100572;0.0;2,187.0;-4.049;-15.506;1.598;
31596;2014-04-11_07-59-21.919;;38.885027;-77.100572;0.0;2,187.0;-6.329;-4.846;-1.493;
31626;2014-04-11_07-59-23.721;;38.885027;-77.100572;0.0;2,187.0;-6.329;-4.846;-1.493;
31656;2014-04-11_07-59-25.524;;38.885027;-77.100572;0.0;2,187.0;-2.116;-8.265;3.187;
31686;2014-04-11_07-59-27.326;;38.885027;-77.100572;0.0;2,187.0;-2.116;-8.265;3.187;
31710;2014-04-11_07-59-29.118;;38.885027;-77.100572;0.0;2,187.0;1.507;-12.391;2.538;
31745;2014-04-11_07-59-31.869;;38.885027;-77.100572;0.0;2,187.0;1.507;-12.391;2.538;
31786;2014-04-11_07-59-33.669;;38.885027;-77.100572;0.0;2,187.0;0.362;-7.288;2.56;
31816;2014-04-11_07-59-35.472;;38.885027;-77.100572;0.0;2,187.0;0.362;-7.288;2.56;
31845;2014-04-11_07-59-37.214;;38.885027;-77.100572;0.0;2,187.0;-2.425;-8.291;3.287;
31875;2014-04-11_07-59-39.019;;38.885027;-77.100572;0.0;2,187.0;-2.425;-8.291;3.287;
31905;2014-04-11_07-59-40.817;;38.885027;-77.100572;0.0;2,187.0;-2.425;-8.291;3.287;
31935;2014-04-11_07-59-42.621;;38.885027;-77.100572;0.0;2,187.0;1.347;-8.393;-1.595;
31965;2014-04-11_07-59-44.422;;38.885027;-77.100572;0.0;2,187.0;1.347;-8.393;-1.595;
31995;2014-04-11_07-59-46.223;;38.885027;-77.100572;0.0;2,187.0;1.262;-6.732;2.846;
32025;2014-04-11_07-59-48.091;;38.885027;-77.100572;0.0;2,187.0;1.262;-6.732;2.846;
32056;2014-04-11_07-59-50.034;;38.885027;-77.100572;0.0;2,187.0;-1.442;-14.441;6.371;
32088;2014-04-11_07-59-51.812;;38.885027;-77.100572;0.0;2,187.0;-1.442;-14.441;6.371;
32118;2014-04-11_07-59-53.611;;38.885773;-77.100041;0.0;2,214.0;-3.509;-7.857;3.981;
32148;2014-04-11_07-59-55.414;;38.885773;-77.100041;0.0;2,214.0;-3.509;-7.857;3.981;
32178;2014-04-11_07-59-57.215;;38.885773;-77.100041;0.0;2,214.0;-7.94;-9.947;6.472;
32208;2014-04-11_07-59-59.020;;38.885773;-77.100041;0.0;2,214.0;-7.94;-9.947;6.472;
32238;2014-04-11_08-00-00.820;;38.885773;-77.100041;0.0;2,214.0;-7.94;-9.947;6.472;
32268;2014-04-11_08-00-02.618;;38.885773;-77.100041;0.0;2,214.0;-4.171;-4.765;1.667;
32298;2014-04-11_08-00-04.440;;38.885773;-77.100041;0.0;2,214.0;-4.171;-4.765;1.667;
32328;2014-04-11_08-00-06.226;;38.892120;-77.085239;-28.0;17.0;-5.142;-6.718;5.122;
32358;2014-04-11_08-00-08.023;;38.892120;-77.085239;-28.0;17.0;-5.142;-6.718;5.122;
32388;2014-04-11_08-00-09.826;;38.892120;-77.085241;-22.0;13.0;-1.641;-7.253;2.425;
32418;2014-04-11_08-00-11.632;;38.892120;-77.085241;-22.0;13.0;-1.641;-7.253;2.425;
32448;2014-04-11_08-00-13.438;;38.892097;-77.085252;-9.0;14.0;-6.169;-3.229;-4.287;
32478;2014-04-11_08-00-15.240;;38.892097;-77.085252;-9.0;14.0;-6.169;-3.229;-4.287;
32508;2014-04-11_08-00-17.031;;38.891999;-77.085178;9.0;14.0;-1.125;-8.411;3.693;
32538;2014-04-11_08-00-18.854;;38.891999;-77.085178;9.0;14.0;-1.125;-8.411;3.693;
32568;2014-04-11_08-00-20.635;;38.891999;-77.085178;9.0;14.0;-1.125;-8.411;3.693;
32598;2014-04-11_08-00-22.436;;38.892010;-77.085161;22.0;17.0;-19.578;-10.144;9.48;
32628;2014-04-11_08-00-24.240;;38.892010;-77.085161;22.0;17.0;-19.578;-10.144;9.48;
32657;2014-04-11_08-00-26.013;;38.892017;-77.085161;31.0;15.0;-4.625;-9.369;9.409;
32687;2014-04-11_08-00-27.781;;38.892017;-77.085161;31.0;15.0;-4.625;-9.369;9.409;
32717;2014-04-11_08-00-29.583;;38.892015;-77.085119;36.0;15.0;-16.982;-7.064;6.562;
32747;2014-04-11_08-00-31.386;;38.892015;-77.085119;36.0;15.0;-16.982;-7.064;6.562;
32777;2014-04-11_08-00-33.189;;38.892030;-77.085093;44.0;13.0;0.02;-10.566;5.252;
32807;2014-04-11_08-00-34.988;;38.892030;-77.085093;44.0;13.0;0.02;-10.566;5.252;
32837;2014-04-11_08-00-36.794;;38.892030;-77.085093;44.0;13.0;0.02;-10.566;5.252;
32867;2014-04-11_08-00-38.595;;38.892069;-77.085083;46.0;11.0;1.793;-8.256;1.29;
32897;2014-04-11_08-00-40.393;;38.892069;-77.085083;46.0;11.0;1.793;-8.256;1.29;
32927;2014-04-11_08-00-42.194;;38.892099;-77.085011;50.0;15.0;-8.947;-2.774;-4.408;
32957;2014-04-11_08-00-44.001;;38.892099;-77.085011;50.0;15.0;-8.947;-2.774;-4.408;
32987;2014-04-11_08-00-45.799;;38.892132;-77.085015;51.0;12.0;-2.367;-8.271;4.26;
33017;2014-04-11_08-00-47.600;;38.892132;-77.085015;51.0;12.0;-2.367;-8.271;4.26;
33047;2014-04-11_08-00-49.402;;38.892142;-77.085072;53.0;11.0;-0.467;-5.351;0.657;
33077;2014-04-11_08-00-51.205;;38.892142;-77.085072;53.0;11.0;-0.467;-5.351;0.657;
33107;2014-04-11_08-00-53.009;;38.892172;-77.085139;55.0;15.0;-7.054;-5.106;6.029;
33137;2014-04-11_08-00-54.810;;38.892172;-77.085139;55.0;15.0;-7.054;-5.106;6.029;
33167;2014-04-11_08-00-56.609;;38.892172;-77.085139;55.0;15.0;-7.054;-5.106;6.029;
33197;2014-04-11_08-00-58.414;;38.892207;-77.085189;55.0;12.0;-3.59;-15.641;1.438;
33224;2014-04-11_08-01-00.269;;38.892207;-77.085189;55.0;12.0;-3.59;-15.641;1.438;
33258;2014-04-11_08-01-02.074;;38.892227;-77.085228;60.0;13.0;-6.924;-18.86;7.437;
33288;2014-04-11_08-01-03.875;;38.892227;-77.085228;60.0;13.0;-6.924;-18.86;7.437;
33318;2014-04-11_08-01-05.680;;38.892253;-77.085280;64.0;12.0;-6.077;-9.406;3.259;
33348;2014-04-11_08-01-07.482;;38.892253;-77.085280;64.0;12.0;-6.077;-9.406;3.259;
33378;2014-04-11_08-01-09.283;;38.892266;-77.085312;66.0;13.0;-19.26;-8.992;6.825;
33408;2014-04-11_08-01-11.091;;38.892266;-77.085312;66.0;13.0;-19.26;-8.992;6.825;
33438;2014-04-11_08-01-12.884;;38.892266;-77.085312;66.0;13.0;-19.26;-8.992;6.825;
33468;2014-04-11_08-01-14.686;;38.892287;-77.085373;65.0;21.0;-4.819;-15.988;4.252;
33498;2014-04-11_08-01-16.489;;38.892287;-77.085373;65.0;21.0;-4.819;-15.988;4.252;
33528;2014-04-11_08-01-18.291;;38.892286;-77.085427;66.0;21.0;-5.397;-12.116;-1.623;
33558;2014-04-11_08-01-20.093;;38.892286;-77.085427;66.0;21.0;-5.397;-12.116;-1.623;
33588;2014-04-11_08-01-21.893;;38.892314;-77.085458;66.0;25.0;-2.532;-8.158;4.129;
33618;2014-04-11_08-01-23.694;;38.892314;-77.085458;66.0;25.0;-2.532;-8.158;4.129;
33648;2014-04-11_08-01-25.498;;38.892344;-77.085456;66.0;39.0;-8.507;-5.27;-0.178;
33678;2014-04-11_08-01-27.298;;38.892344;-77.085456;66.0;39.0;-8.507;-5.27;-0.178;
33708;2014-04-11_08-01-29.102;;38.892355;-77.085449;66.0;55.0;-5.531;-10.524;1.7;
33738;2014-04-11_08-01-30.901;;38.892355;-77.085449;66.0;55.0;-5.531;-10.524;1.7;
33768;2014-04-11_08-01-32.704;;38.892355;-77.085449;66.0;55.0;-5.531;-10.524;1.7;
33798;2014-04-11_08-01-34.508;;38.892355;-77.085449;66.0;55.0;-0.964;3.398;9.048;
33828;2014-04-11_08-01-36.308;;38.892355;-77.085449;66.0;55.0;-0.964;3.398;9.048;
33858;2014-04-11_08-01-38.196;;38.892355;-77.085449;66.0;55.0;-2.838;2.813;8.794;
33889;2014-04-11_08-01-40.005;;38.892355;-77.085449;66.0;55.0;-2.838;2.813;8.794;
33920;2014-04-11_08-01-41.832;;38.892355;-77.085449;66.0;55.0;0.91;2.139;9.257;
33950;2014-04-11_08-01-43.640;;38.892355;-77.085449;66.0;55.0;0.91;2.139;9.257;
33980;2014-04-11_08-01-45.439;;38.904070;-77.091219;0.0;1,685.0;0.311;2.001;9.246;
34010;2014-04-11_08-01-47.238;;38.904070;-77.091219;0.0;1,685.0;0.311;2.001;9.246;
34040;2014-04-11_08-01-49.040;;38.904070;-77.091219;0.0;1,685.0;0.311;2.001;9.246;
34070;2014-04-11_08-01-50.844;;38.904070;-77.091219;0.0;1,685.0;-0.18;4.246;8.752;
34100;2014-04-11_08-01-52.645;;38.904070;-77.091219;0.0;1,685.0;-0.18;4.246;8.752;
34130;2014-04-11_08-01-54.444;;38.904070;-77.091219;0.0;1,685.0;0.484;5.98;8.314;
34160;2014-04-11_08-01-56.277;;38.904070;-77.091219;0.0;1,685.0;0.484;5.98;8.314;
34190;2014-04-11_08-01-58.056;;38.904070;-77.091219;0.0;1,685.0;-0.902;4.539;8.364;
34220;2014-04-11_08-01-59.856;;38.904070;-77.091219;0.0;1,685.0;-0.902;4.539;8.364;
