157766;2014-04-06_23-17-15.567;;38.828589;-77.123102;4.0;11.0;1.027;3.624;9.022;
157901;2014-04-07_08-38-37.730;;38.828589;-77.123102;4.0;11.0;-1.34;4.237;8.505;
158039;2014-04-07_08-38-41.116;;38.828589;-77.123101;4.0;11.0;-1.088;4.469;8.991;
158128;2014-04-07_08-38-44.514;;38.828588;-77.123101;4.0;11.0;-0.477;1.882;9.309;
158209;2014-04-07_08-38-47.893;;38.828587;-77.123100;4.0;12.0;-1.801;4.943;7.927;
158355;2014-04-07_08-38-51.305;;38.828586;-77.123099;4.0;13.0;-3.212;6.419;6.439;
158412;2014-04-07_08-38-54.726;;38.828586;-77.123098;4.0;13.0;-1.597;3.28;8.184;
158545;2014-04-07_08-38-58.104;;38.828586;-77.123097;4.0;12.0;-0.69;4.87;8.17;
158638;2014-04-07_08-39-01.472;;38.828586;-77.123097;4.0;12.0;-0.69;4.87;8.17;
158710;2014-04-07_08-39-04.851;;38.828585;-77.123097;4.0;13.0;-2.663;5.769;7.315;
158865;2014-04-07_08-39-08.237;;38.828585;-77.123096;5.0;15.0;8.741;4.791;5.022;
158921;2014-04-07_08-39-11.608;;38.828585;-77.123096;5.0;13.0;5.098;0.57;8.283;
158978;2014-04-07_08-39-15.025;;38.828585;-77.123096;5.0;12.0;4.226;-0.479;8.769;
159034;2014-04-07_08-39-18.391;;38.828584;-77.123095;5.0;11.0;8.174;-7.672;5.152;
159091;2014-04-07_08-39-21.808;;38.828584;-77.123095;5.0;11.0;8.03;-1.178;5.191;
159148;2014-04-07_08-39-25.234;;38.828584;-77.123095;5.0;11.0;8.03;-1.178;5.191;
159204;2014-04-07_08-39-28.596;;38.828582;-77.123094;5.0;11.0;7.99;2.627;4.522;
159261;2014-04-07_08-39-32.097;;38.828582;-77.123094;5.0;11.0;9.284;2.349;3.24;
159319;2014-04-07_08-39-35.516;;38.828581;-77.123094;5.0;11.0;9.56;0.3;2.283;
159376;2014-04-07_08-39-38.926;;38.828581;-77.123094;5.0;11.0;9.703;0.145;2.513;
159432;2014-04-07_08-39-42.291;;38.828580;-77.123094;5.0;12.0;9.377;0.254;4.034;
159488;2014-04-07_08-39-45.655;;38.828580;-77.123094;5.0;12.0;9.377;0.254;4.034;
159545;2014-04-07_08-39-49.084;;38.828580;-77.123094;5.0;12.0;9.112;2.181;2.342;
159602;2014-04-07_08-39-52.499;;38.828580;-77.123094;5.0;12.0;8.938;0.398;4.76;
159658;2014-04-07_08-39-55.868;;38.828580;-77.123094;5.0;11.0;9.203;0.057;3.611;
159715;2014-04-07_08-39-59.285;;38.828579;-77.123094;5.0;11.0;9.611;-0.425;2.309;
159772;2014-04-07_08-40-02.708;;38.828578;-77.123093;5.0;12.0;9.794;0.006;2.514;
159829;2014-04-07_08-40-06.135;;38.828577;-77.123092;5.0;11.0;9.506;0.198;2.308;
159980;2014-04-07_08-40-09.513;;38.828577;-77.123092;5.0;11.0;9.506;0.198;2.308;
160055;2014-04-07_08-40-12.877;;38.828576;-77.123092;5.0;12.0;9.799;-0.359;-3.657;
160138;2014-04-07_08-40-16.246;;38.828575;-77.123091;5.0;11.0;9.943;-0.425;3.6;
160282;2014-04-07_08-40-19.646;;38.828575;-77.123091;5.0;12.0;9.556;0.73;2.19;
160338;2014-04-07_08-40-23.011;;38.828575;-77.123091;6.0;11.0;9.073;0.767;1.522;
160471;2014-04-07_08-40-26.391;;38.828574;-77.123090;6.0;11.0;9.455;1.404;1.948;
160565;2014-04-07_08-40-29.799;;38.828574;-77.123090;6.0;11.0;9.455;1.404;1.948;
160622;2014-04-07_08-40-33.179;;38.828573;-77.123089;6.0;11.0;10.072;0.654;1.949;
160790;2014-04-07_08-40-36.542;;38.828573;-77.123089;6.0;11.0;9.713;0.516;2.341;
160848;2014-04-07_08-40-39.949;;38.828573;-77.123089;6.0;12.0;9.957;0.605;1.637;
160905;2014-04-07_08-40-43.370;;38.828572;-77.123089;6.0;12.0;9.718;0.813;1.986;
160961;2014-04-07_08-40-46.736;;38.828572;-77.123088;6.0;11.0;11.296;-0.874;2.934;
161018;2014-04-07_08-40-50.162;;38.828572;-77.123088;6.0;11.0;9.813;-0.238;2.109;
161075;2014-04-07_08-40-53.583;;38.828572;-77.123088;6.0;11.0;9.813;-0.238;2.109;
161132;2014-04-07_08-40-57.006;;38.828572;-77.123087;6.0;12.0;9.641;0.777;1.829;
161189;2014-04-07_08-41-00.428;;38.828571;-77.123087;6.0;12.0;10.382;0.153;1.823;
161246;2014-04-07_08-41-03.850;;38.828571;-77.123086;6.0;12.0;9.877;0.157;1.663;
161302;2014-04-07_08-41-07.221;;38.828570;-77.123085;6.0;12.0;9.937;-0.22;2.072;
161359;2014-04-07_08-41-10.637;;38.828570;-77.123085;6.0;12.0;10.408;0.261;1.647;
161415;2014-04-07_08-41-14.002;;38.828570;-77.123085;6.0;13.0;9.906;0.123;1.837;
161472;2014-04-07_08-41-17.423;;38.828570;-77.123085;6.0;13.0;9.906;0.123;1.837;
161528;2014-04-07_08-41-20.792;;38.828570;-77.123085;6.0;13.0;9.882;0.028;2.234;
161585;2014-04-07_08-41-24.209;;38.828570;-77.123085;6.0;14.0;10.389;-0.432;1.759;
161642;2014-04-07_08-41-27.636;;38.828570;-77.123085;6.0;22.0;10.778;0.294;1.9;
161699;2014-04-07_08-41-31.061;;38.821298;-77.126985;0.0;1,363.0;9.005;0.427;2.334;
161756;2014-04-07_08-41-34.479;;38.821298;-77.126985;0.0;1,363.0;10.446;0.071;3.557;
161813;2014-04-07_08-41-37.905;;38.821298;-77.126985;0.0;1,363.0;10.446;0.071;3.557;
161870;2014-04-07_08-41-41.326;;38.821298;-77.126985;0.0;1,363.0;9.054;-0.078;1.957;
161926;2014-04-07_08-41-44.693;;38.821298;-77.126985;0.0;1,363.0;9.995;0.313;1.694;
161983;2014-04-07_08-41-48.115;;38.821298;-77.126985;0.0;1,363.0;9.248;0.069;1.735;
162040;2014-04-07_08-41-51.535;;38.821298;-77.126985;0.0;1,363.0;10.977;0.353;2.616;
162096;2014-04-07_08-41-54.903;;38.828577;-77.123098;6.0;25.0;9.524;0.516;1.144;
162153;2014-04-07_08-41-58.323;;38.828618;-77.123305;17.0;8.0;9.528;0.618;1.161;
162209;2014-04-07_08-42-01.690;;38.828618;-77.123305;17.0;8.0;9.528;0.618;1.161;
162266;2014-04-07_08-42-05.112;;38.828720;-77.123466;24.0;7.0;9.371;-0.014;3.402;
162322;2014-04-07_08-42-08.579;;38.828838;-77.123467;26.0;6.0;10.582;0.554;2.131;
162380;2014-04-07_08-42-11.955;;38.829015;-77.123364;27.0;8.0;8.941;-0.387;1.122;
162437;2014-04-07_08-42-15.380;;38.829120;-77.123256;26.0;7.0;9.527;-1.113;5.064;
162494;2014-04-07_08-42-18.803;;38.829306;-77.123302;25.0;7.0;9.153;-0.235;2.945;
162550;2014-04-07_08-42-22.169;;38.829450;-77.123447;24.0;8.0;8.758;-0.211;3.05;
162607;2014-04-07_08-42-25.588;;38.829450;-77.123447;24.0;8.0;8.758;-0.211;3.05;
162664;2014-04-07_08-42-29.014;;38.829528;-77.123655;27.0;5.0;8.483;-0.699;4.178;
162720;2014-04-07_08-42-32.379;;38.829589;-77.123864;28.0;4.0;9.733;-0.595;2.974;
162777;2014-04-07_08-42-35.797;;38.829689;-77.124086;27.0;4.0;10.564;-0.287;3.26;
162833;2014-04-07_08-42-39.163;;38.829847;-77.124111;26.0;6.0;10.357;0.571;2.302;
162890;2014-04-07_08-42-42.645;;38.829994;-77.124022;26.0;6.0;9.637;-0.57;4.945;
162947;2014-04-07_08-42-46.011;;38.830020;-77.123839;27.0;5.0;10.864;0.032;3.253;
163004;2014-04-07_08-42-49.430;;38.830020;-77.123839;27.0;5.0;10.864;0.032;3.253;
163060;2014-04-07_08-42-52.814;;38.829939;-77.123519;30.0;7.0;7.571;-0.328;4.062;
163117;2014-04-07_08-42-56.218;;38.829826;-77.123263;31.0;13.0;9.13;-1.101;5.322;
163174;2014-04-07_08-42-59.640;;38.829822;-77.123119;32.0;11.0;10.59;0.052;1.765;
163230;2014-04-07_08-43-03.010;;38.829939;-77.122907;34.0;11.0;13.555;1.146;0.199;
163287;2014-04-07_08-43-06.429;;38.830149;-77.122796;35.0;12.0;12.416;1.666;-0.961;
163344;2014-04-07_08-43-09.852;;38.830149;-77.122796;35.0;12.0;12.416;1.666;-0.961;
163401;2014-04-07_08-43-13.272;;38.830423;-77.122667;36.0;11.0;9.607;0.666;1.35;
163457;2014-04-07_08-43-16.639;;38.830691;-77.122530;33.0;12.0;9.781;-0.455;3.675;
163514;2014-04-07_08-43-20.060;;38.830904;-77.122363;34.0;11.0;11.095;0.069;2.129;
163570;2014-04-07_08-43-23.444;;38.831064;-77.122369;33.0;12.0;10.155;0.181;1.799;
163627;2014-04-07_08-43-26.846;;38.831156;-77.122544;34.0;12.0;9.497;0.454;2.126;
163683;2014-04-07_08-43-30.212;;38.831276;-77.122844;33.0;13.0;10.244;0.169;1.086;
163740;2014-04-07_08-43-33.632;;38.831276;-77.122844;33.0;13.0;10.244;0.169;1.086;
163797;2014-04-07_08-43-37.058;;38.831410;-77.123177;33.0;15.0;11.423;0.291;1.123;
163854;2014-04-07_08-43-40.478;;38.831524;-77.123536;35.0;11.0;9.566;0.437;2.702;
163910;2014-04-07_08-43-43.842;;38.831722;-77.123835;35.0;11.0;8.567;-0.283;3.436;
163967;2014-04-07_08-43-47.269;;38.831809;-77.124012;34.0;13.0;9.66;-0.358;1.647;
164024;2014-04-07_08-43-50.688;;38.831789;-77.124018;32.0;10.0;9.936;-0.22;0.913;
164081;2014-04-07_08-43-54.114;;38.831778;-77.124017;33.0;9.0;10.098;-0.201;0.286;
164137;2014-04-07_08-43-57.478;;38.831778;-77.124017;33.0;9.0;10.098;-0.201;0.286;
164194;2014-04-07_08-44-00.899;;38.831765;-77.124006;34.0;9.0;9.932;0.173;0.754;
164250;2014-04-07_08-44-04.263;;38.831763;-77.124003;34.0;9.0;9.916;-0.278;0.849;
164307;2014-04-07_08-44-07.684;;38.831764;-77.124003;34.0;9.0;9.982;-0.231;0.675;
164364;2014-04-07_08-44-11.110;;38.831764;-77.124004;34.0;9.0;9.975;-0.062;0.742;
164420;2014-04-07_08-44-14.477;;38.831764;-77.124007;34.0;10.0;9.763;-0.033;1.193;
164477;2014-04-07_08-44-17.894;;38.831764;-77.124007;34.0;10.0;9.763;-0.033;1.193;
164534;2014-04-07_08-44-21.320;;38.831755;-77.124027;36.0;10.0;9.912;-0.813;0.162;
164591;2014-04-07_08-44-24.741;;38.831752;-77.124029;36.0;11.0;10.03;0.01;1.052;
164647;2014-04-07_08-44-28.108;;38.831753;-77.124021;36.0;11.0;10.053;-0.314;0.808;
164704;2014-04-07_08-44-31.529;;38.831752;-77.124022;36.0;10.0;9.822;-0.361;0.825;
164761;2014-04-07_08-44-34.949;;38.831752;-77.124022;36.0;10.0;10.027;-0.12;0.679;
164816;2014-04-07_08-44-38.352;;38.831752;-77.124022;36.0;10.0;10.213;0.093;1.015;
164875;2014-04-07_08-44-41.797;;38.831752;-77.124022;36.0;10.0;10.213;0.093;1.015;
164931;2014-04-07_08-44-45.161;;38.831752;-77.124023;36.0;10.0;9.911;-0.519;1.103;
164987;2014-04-07_08-44-48.528;;38.831752;-77.124023;36.0;11.0;9.999;-0.536;0.974;
165044;2014-04-07_08-44-51.946;;38.831752;-77.124024;36.0;11.0;10.096;-0.435;0.979;
165100;2014-04-07_08-44-55.314;;38.831752;-77.124024;36.0;11.0;9.685;-0.56;1.276;
165156;2014-04-07_08-44-58.853;;38.831752;-77.124025;36.0;10.0;10.13;-0.561;1.044;
165216;2014-04-07_08-45-02.278;;38.831752;-77.124025;36.0;10.0;9.873;-0.086;0.894;
165272;2014-04-07_08-45-05.648;;38.831752;-77.124025;36.0;10.0;9.873;-0.086;0.894;
165329;2014-04-07_08-45-09.065;;38.831752;-77.124025;36.0;10.0;9.831;0.118;1.064;
165386;2014-04-07_08-45-12.486;;38.831752;-77.124025;36.0;10.0;9.738;0.426;1.103;
165443;2014-04-07_08-45-15.910;;38.831752;-77.124025;36.0;10.0;10.071;-0.582;0.818;
165500;2014-04-07_08-45-19.336;;38.831752;-77.124025;36.0;10.0;10.174;-0.528;0.91;
165556;2014-04-07_08-45-22.700;;38.831753;-77.124026;36.0;10.0;9.941;-0.001;0.947;
165613;2014-04-07_08-45-26.121;;38.831753;-77.124026;36.0;10.0;9.941;-0.001;0.947;
165670;2014-04-07_08-45-29.544;;38.831753;-77.124028;36.0;10.0;9.485;-0.413;1.43;
165727;2014-04-07_08-45-32.966;;38.831729;-77.124068;38.0;10.0;9.545;0.845;3.335;
165784;2014-04-07_08-45-36.388;;38.831663;-77.124318;40.0;10.0;10.454;-0.939;3.483;
165840;2014-04-07_08-45-39.818;;38.831430;-77.124492;38.0;11.0;6.564;-3.297;7.197;
165898;2014-04-07_08-45-43.236;;38.831066;-77.124672;41.0;10.0;9.704;-0.059;5.608;
165954;2014-04-07_08-45-46.598;;38.830672;-77.124834;44.0;16.0;6.854;-1.428;6.801;
166011;2014-04-07_08-45-50.021;;38.830672;-77.124834;44.0;16.0;6.854;-1.428;6.801;
166067;2014-04-07_08-45-53.419;;38.830273;-77.125062;45.0;10.0;9.462;-0.657;5.262;
166124;2014-04-07_08-45-56.809;;38.830129;-77.125070;44.0;9.0;8.199;-1.208;5.571;
166181;2014-04-07_08-46-00.230;;38.830096;-77.125076;43.0;9.0;8.927;-1.12;4.289;
166237;2014-04-07_08-46-03.598;;38.830094;-77.125070;43.0;9.0;8.86;-1.241;4.434;
166294;2014-04-07_08-46-07.017;;38.830066;-77.125090;43.0;9.0;9.832;-0.652;3.311;
166350;2014-04-07_08-46-10.380;;38.829819;-77.125191;41.0;10.0;8.535;0.746;-0.017;
166406;2014-04-07_08-46-13.773;;38.829819;-77.125191;41.0;10.0;8.535;0.746;-0.017;
166463;2014-04-07_08-46-17.170;;38.829497;-77.125350;41.0;11.0;11.264;-0.931;2.866;
166520;2014-04-07_08-46-20.593;;38.829135;-77.125559;41.0;13.0;7.781;-0.943;5.62;
166576;2014-04-07_08-46-23.975;;38.828726;-77.125917;39.0;13.0;6.403;-1.182;3.897;
166633;2014-04-07_08-46-27.379;;38.828307;-77.126320;38.0;12.0;8.845;-0.348;4.984;
166690;2014-04-07_08-46-30.802;;38.827933;-77.126781;35.0;11.0;5.911;-1.751;6.093;
166747;2014-04-07_08-46-34.224;;38.827933;-77.126781;35.0;11.0;5.911;-1.751;6.093;
166803;2014-04-07_08-46-37.594;;38.827686;-77.127247;30.0;10.0;5.778;-1.68;5.97;
166860;2014-04-07_08-46-41.011;;38.827424;-77.127730;20.0;10.0;6.568;-0.744;4.17;
166917;2014-04-07_08-46-44.434;;38.827153;-77.128250;19.0;11.0;6.876;-1.921;6.189;
166973;2014-04-07_08-46-47.801;;38.826891;-77.128713;17.0;10.0;6.93;-1.504;6.298;
167030;2014-04-07_08-46-51.224;;38.826677;-77.129056;15.0;10.0;7.762;-1.352;5.853;
167087;2014-04-07_08-46-54.646;;38.826616;-77.129146;8.0;9.0;8.868;-1.164;4.335;
167143;2014-04-07_08-46-58.009;;38.826616;-77.129146;8.0;9.0;8.868;-1.164;4.335;
167199;2014-04-07_08-47-01.371;;38.826511;-77.129320;7.0;9.0;9.662;0.197;3.256;
167256;2014-04-07_08-47-04.792;;38.826365;-77.129634;4.0;9.0;7.166;-1.357;5.076;
167312;2014-04-07_08-47-08.159;;38.826165;-77.130019;2.0;9.0;9.901;-0.19;2.313;
167369;2014-04-07_08-47-11.581;;38.825936;-77.130453;1.0;10.0;8.159;-0.752;4.926;
167426;2014-04-07_08-47-15.003;;38.825687;-77.130941;-3.0;10.0;7.813;-0.8;4.403;
167483;2014-04-07_08-47-18.426;;38.825459;-77.131447;-3.0;9.0;6.048;-1.511;2.802;
167540;2014-04-07_08-47-21.848;;38.825459;-77.131447;-3.0;9.0;6.048;-1.511;2.802;
167597;2014-04-07_08-47-25.274;;38.825160;-77.131961;-1.0;10.0;11.019;-0.572;3.862;
167654;2014-04-07_08-47-28.694;;38.824944;-77.132353;-1.0;10.0;2.595;-1.612;5.43;
167710;2014-04-07_08-47-32.061;;38.821298;-77.126985;0.0;1,363.0;9.722;0.464;4.263;
167767;2014-04-07_08-47-35.486;;38.824412;-77.133184;3.0;12.0;8.387;-0.864;4.239;
167824;2014-04-07_08-47-38.905;;38.824220;-77.133522;4.0;12.0;8.848;-1.277;2.743;
167880;2014-04-07_08-47-42.271;;38.824220;-77.133522;4.0;12.0;8.848;-1.277;2.743;
167937;2014-04-07_08-47-45.693;;38.824026;-77.133810;6.0;11.0;7.573;0.247;3.961;
167995;2014-04-07_08-47-49.176;;38.823727;-77.134122;5.0;12.0;10.518;0.002;3.391;
168052;2014-04-07_08-47-52.600;;38.821298;-77.126985;0.0;1,363.0;6.931;-0.888;3.915;
168109;2014-04-07_08-47-56.021;;38.823278;-77.134527;11.0;11.0;8.216;-0.916;2.868;
168166;2014-04-07_08-47-59.444;;38.823072;-77.134641;14.0;10.0;8.527;-0.825;5.754;
168223;2014-04-07_08-48-02.870;;38.823004;-77.134689;15.0;10.0;10.055;-0.371;0.767;
168279;2014-04-07_08-48-06.234;;38.823004;-77.134689;15.0;10.0;10.055;-0.371;0.767;
168336;2014-04-07_08-48-09.654;;38.822991;-77.134713;14.0;11.0;10.004;0.01;1.015;
168392;2014-04-07_08-48-13.021;;38.821298;-77.126985;0.0;1,363.0;10.017;0.293;0.925;
168449;2014-04-07_08-48-16.440;;38.822988;-77.134715;14.0;10.0;9.938;-0.395;1.082;
168505;2014-04-07_08-48-19.807;;38.822996;-77.134717;16.0;10.0;10.846;0.098;1.723;
168562;2014-04-07_08-48-23.227;;38.822916;-77.134758;15.0;10.0;10.584;0.087;2.726;
168618;2014-04-07_08-48-26.590;;38.822714;-77.134899;18.0;10.0;9.062;-0.226;3.497;
168675;2014-04-07_08-48-30.018;;38.822714;-77.134899;18.0;10.0;9.062;-0.226;3.497;
168732;2014-04-07_08-48-33.436;;38.821298;-77.126985;0.0;1,363.0;9.753;-0.569;4.48;
168788;2014-04-07_08-48-36.800;;38.822240;-77.135275;15.0;11.0;8.908;-0.014;2.913;
168845;2014-04-07_08-48-40.222;;38.822052;-77.135463;13.0;12.0;10.426;0.06;2.841;
168901;2014-04-07_08-48-43.586;;38.821897;-77.135630;16.0;13.0;8.584;-0.409;3.813;
168957;2014-04-07_08-48-46.952;;38.821723;-77.135860;16.0;12.0;9.385;-0.199;4.362;
169012;2014-04-07_08-48-50.319;;38.821723;-77.135860;16.0;12.0;9.385;-0.199;4.362;
169070;2014-04-07_08-48-53.739;;38.821298;-77.126985;0.0;1,363.0;9.504;-0.84;2.823;
169127;2014-04-07_08-48-57.160;;38.821668;-77.136285;12.0;13.0;8.388;0.229;2.212;
169184;2014-04-07_08-49-00.582;;38.821469;-77.136583;16.0;11.0;8.305;-0.414;2.704;
169240;2014-04-07_08-49-03.960;;38.821368;-77.136821;21.0;11.0;9.185;-0.655;3.698;
169298;2014-04-07_08-49-07.428;;38.821304;-77.136996;23.0;12.0;9.335;-0.269;2.949;
169354;2014-04-07_08-49-10.794;;38.821288;-77.137197;28.0;12.0;9.226;-0.127;2.219;
169409;2014-04-07_08-49-14.121;;38.821288;-77.137197;28.0;12.0;9.226;-0.127;2.219;
169467;2014-04-07_08-49-17.578;;38.821202;-77.137424;30.0;12.0;9.92;-0.597;3.506;
169523;2014-04-07_08-49-20.943;;38.821024;-77.137677;33.0;11.0;9.3;-0.124;3.81;
169579;2014-04-07_08-49-24.309;;38.820707;-77.138057;33.0;11.0;9.912;-0.373;2.841;
169635;2014-04-07_08-49-27.671;;38.820487;-77.138262;37.0;13.0;8.839;-0.51;4.083;
169692;2014-04-07_08-49-31.095;;38.820122;-77.138729;46.0;12.0;8.683;-0.274;3.157;
169748;2014-04-07_08-49-34.467;;38.820122;-77.138729;46.0;12.0;8.683;-0.274;3.157;
169805;2014-04-07_08-49-37.880;;38.820026;-77.139165;45.0;10.0;8.362;0.092;4.274;
169862;2014-04-07_08-49-41.301;;38.819960;-77.139662;47.0;10.0;12.773;0.581;4.834;
169919;2014-04-07_08-49-44.725;;38.820055;-77.140148;42.0;10.0;9.191;0.576;2.168;
169976;2014-04-07_08-49-48.148;;38.820346;-77.140565;38.0;10.0;10.414;0.209;3.533;
170032;2014-04-07_08-49-51.599;;38.820599;-77.140994;38.0;10.0;12.322;-0.215;2.212;
170090;2014-04-07_08-49-54.995;;38.820740;-77.141496;40.0;11.0;10.926;-0.347;3.467;
170147;2014-04-07_08-49-58.418;;38.820740;-77.141496;40.0;11.0;10.926;-0.347;3.467;
170203;2014-04-07_08-50-01.787;;38.820774;-77.142023;43.0;12.0;8.271;-0.748;3.548;
170260;2014-04-07_08-50-05.203;;38.820575;-77.142512;44.0;10.0;11.296;0.199;-0.551;
170316;2014-04-07_08-50-08.566;;38.820274;-77.142877;43.0;9.0;8.437;-0.591;4.159;
170373;2014-04-07_08-50-11.990;;38.819873;-77.143062;43.0;9.0;7.527;-1.479;5.929;
170430;2014-04-07_08-50-15.413;;38.819409;-77.143150;45.0;10.0;8.742;-0.882;5.869;
170486;2014-04-07_08-50-18.782;;38.818947;-77.143266;48.0;10.0;10.389;-1.001;7.338;
170543;2014-04-07_08-50-22.199;;38.818947;-77.143266;48.0;10.0;10.389;-1.001;7.338;
170599;2014-04-07_08-50-25.563;;38.818584;-77.143322;52.0;10.0;7.364;-1.619;5.218;
170656;2014-04-07_08-50-28.985;;38.818525;-77.143498;49.0;11.0;11.164;-0.724;3.131;
170712;2014-04-07_08-50-32.349;;38.818654;-77.143778;47.0;11.0;8.645;-0.525;2.558;
170764;2014-04-07_08-50-35.584;;38.818791;-77.144220;48.0;11.0;8.621;-1.39;1.941;
170825;2014-04-07_08-50-39.137;;38.818891;-77.144773;43.0;11.0;10.168;-0.506;3.178;
170882;2014-04-07_08-50-42.558;;38.818891;-77.144773;43.0;11.0;10.168;-0.506;3.178;
170938;2014-04-07_08-50-45.923;;38.818930;-77.145360;42.0;12.0;10.429;-0.856;4.7;
170994;2014-04-07_08-50-49.288;;38.819007;-77.145941;41.0;12.0;9.553;-0.41;3.712;
171047;2014-04-07_08-50-52.713;;38.819253;-77.146576;44.0;18.0;8.141;-0.494;3.379;
171108;2014-04-07_08-50-56.133;;38.819141;-77.147006;43.0;12.0;9.614;-1.104;3.705;
171165;2014-04-07_08-50-59.557;;38.819298;-77.147738;42.0;15.0;8.522;1.075;4.405;
171221;2014-04-07_08-51-02.922;;38.819298;-77.147738;42.0;15.0;8.522;1.075;4.405;
171278;2014-04-07_08-51-06.341;;38.819355;-77.148302;38.0;13.0;8.692;-1.533;2.285;
171411;2014-04-07_08-51-09.723;;38.819488;-77.148893;39.0;13.0;8.562;-1.396;3.758;
171505;2014-04-07_08-51-13.130;;38.819582;-77.149433;37.0;12.0;9.89;-0.568;3.616;
171561;2014-04-07_08-51-16.493;;38.819597;-77.149960;32.0;12.0;9.904;0.316;1.706;
171618;2014-04-07_08-51-19.916;;38.819638;-77.150545;32.0;13.0;10.87;-0.496;2.496;
171674;2014-04-07_08-51-23.279;;38.819816;-77.151143;33.0;13.0;10.061;-0.26;1.957;
171729;2014-04-07_08-51-26.638;;38.819816;-77.151143;33.0;13.0;10.061;-0.26;1.957;
171787;2014-04-07_08-51-30.067;;38.819985;-77.151694;33.0;13.0;8.901;-0.584;2.636;
171844;2014-04-07_08-51-33.490;;38.820206;-77.152249;33.0;13.0;10.531;0.089;1.796;
171901;2014-04-07_08-51-36.914;;38.820363;-77.152753;34.0;15.0;9.565;-0.2;2.572;
171958;2014-04-07_08-51-40.338;;38.820381;-77.153202;29.0;11.0;10.235;-0.558;2.103;
172015;2014-04-07_08-51-43.757;;38.820486;-77.153651;32.0;12.0;9.944;-0.341;2.287;
172072;2014-04-07_08-51-47.184;;38.820610;-77.154167;38.0;13.0;9.229;-0.113;2.758;
172129;2014-04-07_08-51-50.607;;38.820610;-77.154167;38.0;13.0;9.229;-0.113;2.758;
172185;2014-04-07_08-51-53.969;;38.821298;-77.126985;0.0;1,363.0;10.898;-0.02;2.017;
172242;2014-04-07_08-51-57.396;;38.820856;-77.155219;49.0;12.0;8.609;-0.967;2.801;
172299;2014-04-07_08-52-00.818;;38.821020;-77.155787;51.0;11.0;9.615;-0.623;2.791;
172356;2014-04-07_08-52-04.236;;38.821053;-77.156317;48.0;10.0;10.324;-0.63;1.9;
172412;2014-04-07_08-52-07.600;;38.821221;-77.156867;50.0;11.0;8.985;-0.85;4.057;
172468;2014-04-07_08-52-10.970;;38.821221;-77.156867;50.0;11.0;8.985;-0.85;4.057;
172525;2014-04-07_08-52-14.386;;38.821298;-77.126985;0.0;1,363.0;9.193;0.027;2.112;
172581;2014-04-07_08-52-17.751;;38.821542;-77.157977;51.0;11.0;10.018;-0.476;3.236;
172638;2014-04-07_08-52-21.173;;38.821696;-77.158525;51.0;12.0;10.953;-0.192;2.705;
172695;2014-04-07_08-52-24.596;;38.821804;-77.159060;51.0;11.0;8.979;-0.205;2.751;
172751;2014-04-07_08-52-27.962;;38.821872;-77.159632;47.0;7.0;10.141;-0.636;2.475;
172808;2014-04-07_08-52-31.383;;38.821950;-77.160201;45.0;6.0;8.207;-0.675;4.063;
172853;2014-04-07_08-52-34.705;;38.821950;-77.160201;45.0;6.0;8.207;-0.675;4.063;
172922;2014-04-07_08-52-38.229;;38.822096;-77.160770;46.0;8.0;9.888;-1.082;3.326;
172978;2014-04-07_08-52-41.597;;38.822234;-77.161325;45.0;6.0;7.005;-1.45;6.411;
173035;2014-04-07_08-52-45.016;;38.822343;-77.161874;46.0;7.0;9.054;-0.349;4.104;
173092;2014-04-07_08-52-48.439;;38.822467;-77.162434;49.0;7.0;8.251;-0.537;5.447;
173148;2014-04-07_08-52-51.810;;38.821298;-77.126985;0.0;1,363.0;10.12;-1.602;6.72;
173205;2014-04-07_08-52-55.225;;38.822606;-77.163018;47.0;7.0;8.867;-1.621;4.113;
173261;2014-04-07_08-52-58.639;;38.822606;-77.163018;47.0;7.0;8.867;-1.621;4.113;
173318;2014-04-07_08-53-02.013;;38.822613;-77.163004;47.0;4.0;10.001;-0.066;0.858;
173375;2014-04-07_08-53-05.438;;38.822624;-77.162978;45.0;3.0;10.078;-0.064;0.822;
173432;2014-04-07_08-53-08.858;;38.822612;-77.162956;44.0;3.0;10.195;-0.22;0.666;
173488;2014-04-07_08-53-12.222;;38.822611;-77.162956;43.0;3.0;10.103;0.095;0.722;
173545;2014-04-07_08-53-15.645;;38.822611;-77.162956;43.0;3.0;10.016;-0.35;0.587;
173602;2014-04-07_08-53-19.068;;38.822611;-77.162956;43.0;4.0;10.236;-0.016;-0.652;
173658;2014-04-07_08-53-22.436;;38.822611;-77.162956;43.0;4.0;10.236;-0.016;-0.652;
173715;2014-04-07_08-53-25.859;;38.822614;-77.163061;43.0;4.0;9.619;-0.653;2.706;
173772;2014-04-07_08-53-29.279;;38.822588;-77.163366;43.0;5.0;9.416;-0.746;2.844;
173828;2014-04-07_08-53-32.649;;38.821298;-77.126985;0.0;1,363.0;8.939;-0.867;4.192;
173885;2014-04-07_08-53-36.064;;38.821942;-77.163823;47.0;5.0;10.625;-0.49;3.166;
173941;2014-04-07_08-53-39.427;;38.821510;-77.163993;49.0;6.0;8.982;-0.563;2.892;
173998;2014-04-07_08-53-42.856;;38.821510;-77.163993;49.0;6.0;8.982;-0.563;2.892;
174055;2014-04-07_08-53-46.275;;38.821090;-77.164134;50.0;4.0;12.241;-1.647;3.775;
174111;2014-04-07_08-53-49.678;;38.820683;-77.164363;54.0;6.0;9.128;-0.449;4.096;
174168;2014-04-07_08-53-53.060;;38.820243;-77.164528;54.0;6.0;11.827;0.016;2.355;
174224;2014-04-07_08-53-56.427;;38.819806;-77.164663;53.0;5.0;11.076;0.365;1.68;
174281;2014-04-07_08-53-59.846;;38.819364;-77.164852;57.0;5.0;10.265;-0.837;3.118;
174337;2014-04-07_08-54-03.218;;38.818930;-77.165039;60.0;5.0;8.897;-0.075;3.365;
174393;2014-04-07_08-54-06.579;;38.818930;-77.165039;60.0;5.0;8.897;-0.075;3.365;
174450;2014-04-07_08-54-09.999;;38.818496;-77.165209;58.0;4.0;8.953;-0.715;5.416;
174507;2014-04-07_08-54-13.420;;38.818036;-77.165417;53.0;4.0;8.018;-1.413;5.311;
174563;2014-04-07_08-54-16.785;;38.817626;-77.165704;53.0;6.0;8.143;-1.204;6.514;
174620;2014-04-07_08-54-20.209;;38.817442;-77.166187;55.0;5.0;8.587;-0.968;5.55;
174676;2014-04-07_08-54-23.585;;38.817329;-77.166775;54.0;6.0;9.212;-1.062;5.589;
174733;2014-04-07_08-54-26.994;;38.817329;-77.166775;54.0;6.0;9.212;-1.062;5.589;
174790;2014-04-07_08-54-30.415;;38.817239;-77.167330;51.0;11.0;9.112;-1.486;5.686;
174846;2014-04-07_08-54-33.782;;38.817012;-77.167787;52.0;6.0;9.461;-1.15;4.231;
174902;2014-04-07_08-54-37.146;;38.816661;-77.168177;50.0;5.0;9.054;-1.419;4.515;
174959;2014-04-07_08-54-40.565;;38.816254;-77.168550;49.0;6.0;9.482;-0.835;3.175;
175016;2014-04-07_08-54-43.989;;38.815892;-77.168903;43.0;6.0;7.579;-0.683;5.481;
175072;2014-04-07_08-54-47.357;;38.815540;-77.169271;42.0;9.0;8.296;-1.621;5.646;
175129;2014-04-07_08-54-50.775;;38.815540;-77.169271;42.0;9.0;7.669;-1.487;5.646;
175185;2014-04-07_08-54-54.141;;38.815199;-77.169678;40.0;10.0;7.357;-1.577;4.209;
175241;2014-04-07_08-54-57.501;;38.814868;-77.169976;39.0;7.0;9.6;-1.42;5.172;
175298;2014-04-07_08-55-00.930;;38.814486;-77.170214;39.0;5.0;9.912;-1.007;3.98;
175355;2014-04-07_08-55-04.349;;38.814086;-77.170422;42.0;5.0;7.954;-1.672;5.914;
175412;2014-04-07_08-55-07.784;;38.813659;-77.170618;43.0;5.0;9.014;-0.607;2.835;
175469;2014-04-07_08-55-11.195;;38.813256;-77.170821;41.0;4.0;8.773;-1.114;5.195;
175525;2014-04-07_08-55-14.557;;38.813256;-77.170821;41.0;4.0;8.773;-1.114;5.195;
175582;2014-04-07_08-55-17.980;;38.812965;-77.171070;41.0;5.0;7.499;-1.352;5.364;
175638;2014-04-07_08-55-21.346;;38.812517;-77.171551;41.0;5.0;7.155;-1.249;5.2;
175695;2014-04-07_08-55-24.770;;38.812243;-77.171988;39.0;5.0;8.54;-2.06;3.493;
175752;2014-04-07_08-55-28.190;;38.812086;-77.172527;40.0;6.0;9.33;-0.026;3.539;
175808;2014-04-07_08-55-31.556;;38.811986;-77.173112;40.0;5.0;7.342;-0.69;5.198;
175865;2014-04-07_08-55-34.976;;38.811986;-77.173112;40.0;5.0;7.342;-0.69;5.198;
175921;2014-04-07_08-55-38.342;;38.811954;-77.173692;40.0;12.0;7.879;-1.756;3.932;
175978;2014-04-07_08-55-41.766;;38.811951;-77.174298;44.0;11.0;9.239;-0.866;3.429;
176035;2014-04-07_08-55-45.188;;38.811935;-77.174880;45.0;12.0;9.889;-0.485;3.613;
176091;2014-04-07_08-55-48.555;;38.811948;-77.175443;47.0;12.0;9.032;-0.465;4.518;
176148;2014-04-07_08-55-51.976;;38.811961;-77.175965;47.0;11.0;8.755;-0.706;3.065;
176205;2014-04-07_08-55-55.403;;38.811945;-77.176526;48.0;10.0;9.685;-0.139;4.104;
176262;2014-04-07_08-55-58.822;;38.811945;-77.176526;48.0;10.0;9.685;-0.139;4.104;
176319;2014-04-07_08-56-02.249;;38.811959;-77.177042;52.0;10.0;11.78;0.23;1.92;
176376;2014-04-07_08-56-05.687;;38.811951;-77.177578;52.0;9.0;8.81;-0.604;4.309;
176433;2014-04-07_08-56-09.094;;38.811939;-77.178151;53.0;10.0;11.089;-0.594;3.627;
176490;2014-04-07_08-56-12.515;;38.811940;-77.178728;54.0;11.0;8.422;-0.965;4.484;
176547;2014-04-07_08-56-15.936;;38.811938;-77.179307;53.0;11.0;10.826;-0.642;3.138;
176604;2014-04-07_08-56-19.359;;38.811925;-77.179902;54.0;11.0;11.41;-0.383;3.1;
176660;2014-04-07_08-56-22.727;;38.811925;-77.179902;54.0;11.0;11.41;-0.383;3.1;
176717;2014-04-07_08-56-26.146;;38.811953;-77.180464;52.0;10.0;8.437;0.042;2.542;
176773;2014-04-07_08-56-29.511;;38.811958;-77.181051;55.0;10.0;10.172;-0.399;2.75;
176830;2014-04-07_08-56-32.934;;38.811951;-77.181632;57.0;10.0;10.676;-0.832;2.769;
176887;2014-04-07_08-56-36.357;;38.811928;-77.182207;57.0;11.0;7.314;-1.493;4.349;
176944;2014-04-07_08-56-39.779;;38.811943;-77.182788;57.0;11.0;10.117;-0.201;3.992;
177000;2014-04-07_08-56-43.144;;38.811943;-77.182788;57.0;11.0;10.117;-0.201;3.992;
177057;2014-04-07_08-56-46.570;;38.811931;-77.183381;58.0;10.0;8.005;0.09;3.38;
177114;2014-04-07_08-56-49.995;;38.811934;-77.183956;60.0;10.0;8.334;-0.382;3.443;
177171;2014-04-07_08-56-53.411;;38.811923;-77.184547;60.0;10.0;7.762;-0.187;3.816;
177227;2014-04-07_08-56-56.778;;38.811903;-77.185100;60.0;10.0;9.398;-1.113;5.208;
177281;2014-04-07_08-57-00.203;;38.811902;-77.185523;60.0;10.0;8.197;-0.879;4.388;
177341;2014-04-07_08-57-03.626;;38.811897;-77.185784;59.0;10.0;8.071;-1.413;5.734;
177398;2014-04-07_08-57-07.048;;38.811897;-77.185784;59.0;10.0;8.071;-1.413;5.734;
177455;2014-04-07_08-57-10.470;;38.811898;-77.185918;61.0;4.0;9.964;-0.196;0.67;
177512;2014-04-07_08-57-13.891;;38.811898;-77.185926;62.0;5.0;9.872;0.227;0.976;
177568;2014-04-07_08-57-17.258;;38.811902;-77.185918;63.0;7.0;9.823;0.18;0.75;
177624;2014-04-07_08-57-20.622;;38.811937;-77.185894;64.0;6.0;9.719;-0.063;1.045;
177681;2014-04-07_08-57-24.041;;38.811961;-77.185891;65.0;9.0;10.226;0.193;0.677;
177737;2014-04-07_08-57-27.406;;38.811961;-77.185891;65.0;9.0;10.226;0.193;0.677;
177794;2014-04-07_08-57-30.826;;38.811972;-77.185893;66.0;10.0;10.139;0.18;0.807;
177850;2014-04-07_08-57-34.191;;38.811966;-77.185891;65.0;6.0;9.994;0.235;0.667;
177907;2014-04-07_08-57-37.613;;38.811966;-77.185891;65.0;6.0;10.267;-0.074;0.801;
177963;2014-04-07_08-57-40.979;;38.811966;-77.185891;65.0;5.0;9.702;0.043;1.245;
178020;2014-04-07_08-57-44.400;;38.811967;-77.185891;65.0;5.0;9.987;-0.128;0.965;
178076;2014-04-07_08-57-47.767;;38.811967;-77.185891;65.0;7.0;9.995;0.037;1.509;
178133;2014-04-07_08-57-51.186;;38.811967;-77.185891;65.0;7.0;9.995;0.037;1.509;
178189;2014-04-07_08-57-54.549;;38.811950;-77.185919;67.0;7.0;9.201;-0.678;1.331;
178246;2014-04-07_08-57-57.978;;38.811968;-77.185954;66.0;6.0;10.168;-0.332;0.988;
178303;2014-04-07_08-58-01.396;;38.811953;-77.185959;66.0;5.0;10.067;-0.09;0.695;
178360;2014-04-07_08-58-04.819;;38.811959;-77.185960;67.0;8.0;9.643;-0.959;1.335;
178416;2014-04-07_08-58-08.182;;38.811968;-77.186006;69.0;7.0;8.559;-2.159;2.243;
178473;2014-04-07_08-58-11.607;;38.811968;-77.186006;69.0;7.0;8.559;-2.159;2.243;
178529;2014-04-07_08-58-14.976;;38.811969;-77.186015;70.0;7.0;9.593;-1.102;2.556;
178586;2014-04-07_08-58-18.396;;38.811964;-77.186014;70.0;10.0;9.236;-1.432;2.99;
178643;2014-04-07_08-58-21.814;;38.811968;-77.186017;70.0;8.0;9.803;-1.072;2.707;
178699;2014-04-07_08-58-25.178;;38.811968;-77.186018;70.0;6.0;9.886;-1.3;2.693;
178756;2014-04-07_08-58-28.602;;38.811952;-77.186049;68.0;4.0;9.287;-1.003;4.02;
178812;2014-04-07_08-58-31.967;;38.811896;-77.186320;66.0;4.0;9.017;-0.967;4.095;
178869;2014-04-07_08-58-35.388;;38.811896;-77.186320;66.0;4.0;9.017;-0.967;4.095;
178925;2014-04-07_08-58-38.756;;38.811683;-77.186477;60.0;7.0;9.795;-1.316;3.771;
178982;2014-04-07_08-58-42.177;;38.811371;-77.186473;60.0;5.0;8.267;-1.863;5.365;
179038;2014-04-07_08-58-45.543;;38.811028;-77.186402;61.0;4.0;8.937;-0.615;4.634;
179095;2014-04-07_08-58-48.962;;38.810638;-77.186264;61.0;4.0;8.538;-1.041;4.048;
179152;2014-04-07_08-58-52.384;;38.810227;-77.186091;61.0;4.0;8.93;-1.44;3.637;
179209;2014-04-07_08-58-55.807;;38.810227;-77.186091;61.0;4.0;8.93;-1.44;3.637;
179265;2014-04-07_08-58-59.175;;38.809812;-77.185903;60.0;5.0;7.967;-1.353;5.401;
179321;2014-04-07_08-59-02.543;;38.809352;-77.185699;59.0;5.0;8.291;-0.432;3.47;
179378;2014-04-07_08-59-05.958;;38.808913;-77.185522;60.0;4.0;8.954;-1.345;4.789;
179434;2014-04-07_08-59-09.322;;38.808485;-77.185330;57.0;4.0;9.704;-1.119;3.87;
179490;2014-04-07_08-59-12.683;;38.808042;-77.185133;54.0;4.0;10.4;-0.977;4.625;
179547;2014-04-07_08-59-16.110;;38.807623;-77.184955;54.0;3.0;9.256;-1.847;4.975;
179604;2014-04-07_08-59-19.530;;38.807623;-77.184955;54.0;3.0;9.256;-1.847;4.975;
179660;2014-04-07_08-59-22.897;;38.807198;-77.184788;54.0;4.0;8.699;-0.737;3.646;
179716;2014-04-07_08-59-26.276;;38.806754;-77.184635;52.0;3.0;10.563;-0.442;4.068;
179773;2014-04-07_08-59-29.698;;38.806298;-77.184463;52.0;3.0;9.514;-0.827;4.295;
179830;2014-04-07_08-59-33.103;;38.805846;-77.184331;52.0;4.0;8.62;-1.088;4.309;
179886;2014-04-07_08-59-36.467;;38.805395;-77.184228;50.0;9.0;9.004;-1.357;2.69;
179942;2014-04-07_08-59-39.831;;38.805395;-77.184228;50.0;9.0;9.004;-1.357;2.69;
179999;2014-04-07_08-59-43.253;;38.804958;-77.184125;50.0;10.0;9.204;-1.287;3.894;
180056;2014-04-07_08-59-46.676;;38.804517;-77.184039;49.0;10.0;9.474;-0.695;2.723;
180112;2014-04-07_08-59-50.043;;38.804052;-77.183986;49.0;10.0;7.982;-1.061;3.397;
180169;2014-04-07_08-59-53.463;;38.803584;-77.183972;48.0;10.0;10.909;-1.423;3.424;
180226;2014-04-07_08-59-56.888;;38.803137;-77.184000;46.0;9.0;8.517;-1.344;3.136;
180279;2014-04-07_09-00-00.255;;38.802691;-77.184134;44.0;10.0;8.953;-1.157;4.793;
180338;2014-04-07_09-00-03.679;;38.802691;-77.184134;44.0;10.0;8.953;-1.157;4.793;
180396;2014-04-07_09-00-07.096;;38.802245;-77.184286;47.0;10.0;9.378;-1.125;5.602;
180453;2014-04-07_09-00-10.518;;38.801782;-77.184435;45.0;9.0;8.061;-1.526;5.429;
180510;2014-04-07_09-00-13.944;;38.801350;-77.184580;44.0;4.0;10.062;-0.648;3.131;
180567;2014-04-07_09-00-17.369;;38.800933;-77.184767;44.0;4.0;8.179;-1.384;4.667;
180623;2014-04-07_09-00-20.739;;38.800538;-77.184988;42.0;4.0;9.488;-1.504;5.455;
180680;2014-04-07_09-00-24.152;;38.800204;-77.185157;40.0;4.0;7.862;-0.988;5.924;
180736;2014-04-07_09-00-27.515;;38.800204;-77.185157;40.0;4.0;7.862;-0.988;5.924;
180791;2014-04-07_09-00-30.891;;38.799995;-77.185225;37.0;3.0;8.538;-0.423;4.779;
180849;2014-04-07_09-00-34.301;;38.799859;-77.185268;36.0;4.0;9.976;-0.759;3.163;
180906;2014-04-07_09-00-37.724;;38.799549;-77.185332;33.0;3.0;10.931;-0.458;3.068;
180962;2014-04-07_09-00-41.090;;38.799187;-77.185392;32.0;4.0;9.409;-1.022;3.157;
181019;2014-04-07_09-00-44.510;;38.798807;-77.185483;34.0;3.0;10.382;-0.857;3.776;
181075;2014-04-07_09-00-47.878;;38.798807;-77.185483;34.0;3.0;10.382;-0.857;3.776;
181132;2014-04-07_09-00-51.297;;38.798443;-77.185577;39.0;5.0;9.445;-0.517;3.774;
181189;2014-04-07_09-00-54.721;;38.798052;-77.185672;40.0;5.0;10.087;-1.358;2.389;
181246;2014-04-07_09-00-58.145;;38.797655;-77.185771;42.0;5.0;8.214;-0.989;3.68;
181303;2014-04-07_09-01-01.567;;38.797218;-77.185859;41.0;6.0;10.137;-0.2;3.202;
181360;2014-04-07_09-01-04.992;;38.796783;-77.185961;40.0;4.0;8.699;-0.892;3.247;
181416;2014-04-07_09-01-08.359;;38.796326;-77.186055;40.0;5.0;10.101;-0.827;4.487;
181473;2014-04-07_09-01-11.779;;38.796326;-77.186055;40.0;5.0;10.101;-0.827;4.487;
181530;2014-04-07_09-01-15.201;;38.795890;-77.186142;41.0;4.0;10.447;-0.933;4.464;
181587;2014-04-07_09-01-18.623;;38.795438;-77.186192;41.0;5.0;10.042;-0.785;2.948;
181643;2014-04-07_09-01-21.995;;38.794975;-77.186287;42.0;15.0;8.96;-1.019;3.2;
181700;2014-04-07_09-01-25.408;;38.794569;-77.186308;43.0;13.0;10.198;-0.93;2.88;
181756;2014-04-07_09-01-28.773;;38.794095;-77.186420;47.0;11.0;10.641;-0.94;3.489;
181813;2014-04-07_09-01-32.195;;38.793668;-77.186469;48.0;11.0;10.095;-0.603;2.752;
181869;2014-04-07_09-01-35.563;;38.793668;-77.186469;48.0;11.0;10.095;-0.603;2.752;
181925;2014-04-07_09-01-38.926;;38.793248;-77.186577;50.0;11.0;10.679;-0.599;3.886;
181982;2014-04-07_09-01-42.344;;38.792776;-77.186628;49.0;13.0;8.829;-1.434;5.369;
182038;2014-04-07_09-01-45.711;;38.792312;-77.186715;48.0;12.0;7.767;-1.295;4.575;
182095;2014-04-07_09-01-49.133;;38.791852;-77.186878;47.0;10.0;7.014;-0.563;3.641;
182152;2014-04-07_09-01-52.559;;38.791399;-77.187047;48.0;10.0;10.895;-0.013;3.681;
182209;2014-04-07_09-01-55.985;;38.791399;-77.187047;48.0;10.0;10.895;-0.013;3.681;
182266;2014-04-07_09-01-59.407;;38.790962;-77.187159;44.0;10.0;11.655;-1.706;3.845;
182322;2014-04-07_09-02-02.801;;38.790528;-77.187242;41.0;10.0;7.241;-1.025;4.094;
182379;2014-04-07_09-02-06.191;;38.790099;-77.187335;43.0;10.0;8.619;-1.269;5.793;
182436;2014-04-07_09-02-09.611;;38.789645;-77.187370;43.0;10.0;7.183;-1.79;5.687;
182493;2014-04-07_09-02-13.039;;38.789197;-77.187403;41.0;9.0;9.264;-0.605;3.065;
182549;2014-04-07_09-02-16.401;;38.788742;-77.187436;42.0;11.0;8.633;-0.924;3.795;
182606;2014-04-07_09-02-19.829;;38.788742;-77.187436;42.0;11.0;8.633;-0.924;3.795;
182663;2014-04-07_09-02-23.246;;38.788269;-77.187435;42.0;10.0;7.09;-1.587;5.24;
182720;2014-04-07_09-02-26.667;;38.787815;-77.187423;42.0;10.0;4.827;-1.8;3.897;
182777;2014-04-07_09-02-30.095;;38.787362;-77.187410;43.0;10.0;6.977;-1.883;4.226;
182834;2014-04-07_09-02-33.517;;38.786909;-77.187387;41.0;11.0;8.88;-0.517;3.773;
182891;2014-04-07_09-02-36.945;;38.786457;-77.187366;42.0;10.0;8.366;-0.19;4.694;
182948;2014-04-07_09-02-40.363;;38.786002;-77.187320;44.0;9.0;6.701;-1.735;4.218;
183005;2014-04-07_09-02-43.788;;38.786002;-77.187320;44.0;9.0;6.701;-1.735;4.218;
183062;2014-04-07_09-02-47.208;;38.785552;-77.187277;43.0;11.0;8.838;-1;5.565;
183119;2014-04-07_09-02-50.630;;38.785100;-77.187227;43.0;9.0;8.136;-1.097;5.067;
183175;2014-04-07_09-02-53.996;;38.784648;-77.187149;44.0;9.0;10.587;0.543;4.743;
183231;2014-04-07_09-02-57.362;;38.784187;-77.187078;46.0;9.0;9.373;-0.554;2.461;
183288;2014-04-07_09-03-00.784;;38.783737;-77.187002;48.0;9.0;9.207;0.56;3.947;
183342;2014-04-07_09-03-04.184;;38.783737;-77.187002;48.0;9.0;9.207;0.56;3.947;
183401;2014-04-07_09-03-07.566;;38.783300;-77.186919;45.0;11.0;5.792;-1.576;8.553;
183457;2014-04-07_09-03-10.932;;38.782869;-77.186830;47.0;10.0;7.297;-0.915;3.114;
183514;2014-04-07_09-03-14.356;;38.782416;-77.186741;48.0;10.0;9.152;-1.319;4.108;
183570;2014-04-07_09-03-17.716;;38.781972;-77.186642;44.0;4.0;9.486;-0.546;4.545;
183627;2014-04-07_09-03-21.141;;38.781568;-77.186553;44.0;4.0;8.747;-0.453;4.329;
183684;2014-04-07_09-03-24.571;;38.781310;-77.186495;45.0;4.0;7.884;-1.395;5.923;
183741;2014-04-07_09-03-27.986;;38.781310;-77.186495;45.0;4.0;7.884;-1.395;5.923;
183798;2014-04-07_09-03-31.409;;38.781217;-77.186483;47.0;4.0;10.008;-0.67;1.898;
183854;2014-04-07_09-03-34.775;;38.781234;-77.186486;47.0;3.0;9.835;-0.617;1.726;
183911;2014-04-07_09-03-38.199;;38.781235;-77.186477;47.0;3.0;10.03;-0.241;1.594;
183968;2014-04-07_09-03-41.618;;38.781200;-77.186467;47.0;3.0;9.178;-0.479;3.816;
184025;2014-04-07_09-03-45.046;;38.781020;-77.186410;47.0;4.0;7.651;-0.461;5.244;
184082;2014-04-07_09-03-48.468;;38.780728;-77.186359;52.0;3.0;9.34;-1.76;4.346;
184139;2014-04-07_09-03-51.888;;38.780728;-77.186359;52.0;3.0;9.34;-1.76;4.346;
184195;2014-04-07_09-03-55.253;;38.780396;-77.186279;52.0;3.0;8.847;-0.324;3.634;
184251;2014-04-07_09-03-58.661;;38.780085;-77.186165;51.0;3.0;8.671;-0.947;4.344;
184308;2014-04-07_09-04-02.043;;38.779784;-77.186087;53.0;4.0;8.628;-0.454;4.552;
184365;2014-04-07_09-04-05.461;;38.779451;-77.186028;55.0;5.0;9.23;-0.918;3.707;
184421;2014-04-07_09-04-08.828;;38.779096;-77.185931;55.0;7.0;8.593;-0.914;4.003;
184478;2014-04-07_09-04-12.252;;38.779096;-77.185931;55.0;7.0;8.593;-0.914;4.003;
184535;2014-04-07_09-04-15.671;;38.778733;-77.185817;54.0;4.0;7.942;-1.312;6.345;
184591;2014-04-07_09-04-19.038;;38.778518;-77.185762;52.0;3.0;8.331;-0.414;4.883;
184648;2014-04-07_09-04-22.458;;38.778421;-77.185728;52.0;3.0;8.1;-1.383;5.173;
184705;2014-04-07_09-04-25.885;;38.778374;-77.185712;52.0;4.0;10.012;-0.49;2.978;
184762;2014-04-07_09-04-29.308;;38.778370;-77.185709;53.0;3.0;9.583;-0.397;2.444;
184819;2014-04-07_09-04-32.729;;38.778336;-77.185697;52.0;3.0;8.223;-2.58;6.242;
184876;2014-04-07_09-04-36.153;;38.778336;-77.185697;52.0;3.0;8.223;-2.58;6.242;
184933;2014-04-07_09-04-39.576;;38.778159;-77.185650;51.0;4.0;9.015;-1.135;4.086;
184990;2014-04-07_09-04-42.997;;38.777846;-77.185555;49.0;3.0;8.096;-1.628;4.491;
185046;2014-04-07_09-04-46.361;;38.777441;-77.185456;48.0;3.0;9.549;-1.259;5.701;
185103;2014-04-07_09-04-49.786;;38.776980;-77.185334;47.0;3.0;9.923;-0.737;4.253;
185160;2014-04-07_09-04-53.209;;38.776549;-77.185241;48.0;4.0;9.829;-0.043;3.071;
185217;2014-04-07_09-04-56.633;;38.776145;-77.185114;48.0;3.0;9.984;0.014;2.697;
185273;2014-04-07_09-04-59.998;;38.776145;-77.185114;48.0;3.0;9.984;0.014;2.697;
185334;2014-04-07_09-05-03.656;;38.775832;-77.184902;47.0;3.0;10.209;-0.492;4.351;
185390;2014-04-07_09-05-07.022;;38.775523;-77.184641;46.0;3.0;9.204;-1.19;5.98;
185447;2014-04-07_09-05-10.443;;38.775181;-77.184348;45.0;3.0;10.26;0.575;0.365;
185502;2014-04-07_09-05-13.819;;38.774767;-77.184119;44.0;4.0;8.958;-0.528;3.231;
185560;2014-04-07_09-05-17.231;;38.774311;-77.183993;45.0;4.0;9.629;-0.91;4.928;
185617;2014-04-07_09-05-20.653;;38.773863;-77.184007;41.0;3.0;9.367;-1.223;4.939;
185674;2014-04-07_09-05-24.077;;38.773863;-77.184007;41.0;3.0;9.367;-1.223;4.939;
185730;2014-04-07_09-05-27.439;;38.773422;-77.184022;38.0;3.0;9.686;-0.667;3.921;
185787;2014-04-07_09-05-30.863;;38.772963;-77.184041;40.0;3.0;8.987;-0.071;3.372;
185843;2014-04-07_09-05-34.232;;38.772511;-77.184058;40.0;4.0;9.712;-0.923;5.222;
185899;2014-04-07_09-05-37.615;;38.772051;-77.184081;39.0;3.0;9.846;-0.458;4.385;
185956;2014-04-07_09-05-41.012;;38.771607;-77.184104;42.0;3.0;7.514;-1.112;6.115;
186012;2014-04-07_09-05-44.375;;38.771607;-77.184104;42.0;3.0;7.514;-1.112;6.115;
186069;2014-04-07_09-05-47.802;;38.771141;-77.184115;40.0;4.0;8.988;-1.122;3.458;
186126;2014-04-07_09-05-51.221;;38.770691;-77.184128;42.0;3.0;8.427;-1.027;3.328;
186182;2014-04-07_09-05-54.587;;38.770234;-77.184144;42.0;3.0;10.098;-1.222;5.169;
186238;2014-04-07_09-05-58.037;;38.769786;-77.184167;42.0;4.0;9.035;-0.583;3.645;
186296;2014-04-07_09-06-01.434;;38.769333;-77.184167;41.0;3.0;9.545;-1.197;3.097;
186353;2014-04-07_09-06-04.854;;38.768888;-77.184147;41.0;8.0;8.474;-0.591;3.992;
186409;2014-04-07_09-06-08.219;;38.768888;-77.184147;41.0;8.0;8.474;-0.591;3.992;
186466;2014-04-07_09-06-11.642;;38.768511;-77.184148;41.0;15.0;9.44;-0.621;4.099;
186522;2014-04-07_09-06-15.007;;38.768001;-77.184335;39.0;5.0;8.133;-1.03;4.019;
186579;2014-04-07_09-06-18.433;;38.767542;-77.184388;40.0;4.0;8.207;-1.648;4.532;
186636;2014-04-07_09-06-21.850;;38.767108;-77.184409;39.0;4.0;8.433;-1.314;3.99;
186693;2014-04-07_09-06-25.277;;38.766758;-77.184415;39.0;4.0;7.21;-0.897;3.707;
186749;2014-04-07_09-06-28.643;;38.766362;-77.184417;38.0;5.0;9.44;-1.516;3.594;
186806;2014-04-07_09-06-32.065;;38.766362;-77.184417;38.0;5.0;9.44;-1.516;3.594;
186863;2014-04-07_09-06-35.488;;38.765950;-77.184433;38.0;4.0;9.188;-0.207;3.183;
186919;2014-04-07_09-06-38.852;;38.765493;-77.184427;42.0;4.0;7.592;-1.298;4.707;
186976;2014-04-07_09-06-42.272;;38.765014;-77.184395;38.0;4.0;9.498;0.064;2.393;
187033;2014-04-07_09-06-45.696;;38.764589;-77.184374;39.0;4.0;10.449;-0.289;3.124;
187089;2014-04-07_09-06-49.066;;38.764125;-77.184332;37.0;4.0;8.843;-0.498;3.269;
187146;2014-04-07_09-06-52.480;;38.764125;-77.184332;37.0;4.0;8.843;-0.498;3.269;
187202;2014-04-07_09-06-55.845;;38.763648;-77.184311;37.0;5.0;9.179;-0.716;2.552;
187259;2014-04-07_09-06-59.269;;38.763122;-77.184315;37.0;4.0;8.221;-1.522;4.587;
187316;2014-04-07_09-07-02.689;;38.762824;-77.184294;37.0;3.0;8.668;-0.898;4.187;
187373;2014-04-07_09-07-06.115;;38.762301;-77.184281;38.0;10.0;8.578;-1.1;4.328;
187429;2014-04-07_09-07-09.477;;38.761965;-77.184267;38.0;9.0;9.041;-1.311;4.362;
187486;2014-04-07_09-07-12.899;;38.761508;-77.184236;36.0;10.0;8.393;-0.844;3.268;
187542;2014-04-07_09-07-16.272;;38.761508;-77.184236;36.0;10.0;8.393;-0.844;3.268;
187599;2014-04-07_09-07-19.687;;38.760940;-77.184225;36.0;9.0;9.728;-1.25;5.209;
187656;2014-04-07_09-07-23.109;;38.760511;-77.184248;37.0;9.0;8.762;-0.989;3.551;
187712;2014-04-07_09-07-26.472;;38.760062;-77.184275;37.0;9.0;10.002;-1;3.018;
187769;2014-04-07_09-07-29.896;;38.759596;-77.184281;37.0;10.0;8.52;-0.885;3.233;
187825;2014-04-07_09-07-33.262;;38.759148;-77.184297;45.0;9.0;9.199;-0.67;3.465;
187882;2014-04-07_09-07-36.683;;38.758723;-77.184323;42.0;9.0;7.823;-0.609;4.01;
187939;2014-04-07_09-07-40.109;;38.758723;-77.184323;42.0;9.0;7.823;-0.609;4.01;
187995;2014-04-07_09-07-43.468;;38.758260;-77.184361;41.0;9.0;8.362;-1.543;4.764;
188052;2014-04-07_09-07-46.893;;38.757806;-77.184380;39.0;9.0;9.503;-1.486;4.71;
188109;2014-04-07_09-07-50.316;;38.757354;-77.184445;37.0;9.0;9.868;-1.147;5.565;
188166;2014-04-07_09-07-53.738;;38.756914;-77.184509;38.0;9.0;9.305;-0.806;4.893;
188223;2014-04-07_09-07-57.167;;38.756623;-77.184554;39.0;9.0;9.575;-1.204;5.154;
188280;2014-04-07_09-08-00.589;;38.756623;-77.184554;39.0;9.0;9.575;-1.204;5.154;
188336;2014-04-07_09-08-03.952;;38.756512;-77.184747;40.0;9.0;9.557;-0.736;3.657;
188393;2014-04-07_09-08-07.372;;38.756549;-77.185171;38.0;10.0;8.395;-1.262;3.656;
188450;2014-04-07_09-08-10.799;;38.756619;-77.185700;37.0;9.0;11.114;-0.029;1.632;
188507;2014-04-07_09-08-14.222;;38.756673;-77.186227;35.0;3.0;8.348;-1.614;3.081;
188564;2014-04-07_09-08-17.642;;38.756718;-77.186635;35.0;3.0;8.89;-0.629;4.301;
188621;2014-04-07_09-08-21.064;;38.756738;-77.186816;36.0;4.0;8.634;-0.576;5.119;
188677;2014-04-07_09-08-24.431;;38.756738;-77.186816;36.0;4.0;8.634;-0.576;5.119;
188734;2014-04-07_09-08-27.875;;38.756742;-77.186836;38.0;4.0;9.493;-0.321;2.487;
188791;2014-04-07_09-08-31.275;;38.756768;-77.186937;37.0;4.0;9.728;-0.672;2.298;
188846;2014-04-07_09-08-34.651;;38.756834;-77.187283;37.0;4.0;8.596;-0.842;4.117;
188904;2014-04-07_09-08-38.099;;38.756978;-77.187636;34.0;5.0;8.323;-0.686;4.314;
188961;2014-04-07_09-08-41.483;;38.757140;-77.188077;37.0;4.0;7.557;-1.515;5.731;
189017;2014-04-07_09-08-44.877;;38.757304;-77.188473;38.0;6.0;7.475;-1.703;5.69;
189074;2014-04-07_09-08-48.271;;38.757304;-77.188473;38.0;6.0;7.475;-1.703;5.69;
189131;2014-04-07_09-08-51.694;;38.757452;-77.188944;40.0;4.0;6.619;-1.631;6.187;
189188;2014-04-07_09-08-55.118;;38.757628;-77.189412;38.0;3.0;10.698;-0.765;4.797;
189245;2014-04-07_09-08-58.538;;38.757803;-77.189896;40.0;3.0;8.079;-1.806;6.877;
189301;2014-04-07_09-09-01.909;;38.757890;-77.190190;40.0;5.0;8.398;-1.04;3.849;
189358;2014-04-07_09-09-05.326;;38.757907;-77.190221;42.0;3.0;10.08;-0.843;1.571;
189415;2014-04-07_09-09-08.752;;38.757907;-77.190221;42.0;3.0;10.08;-0.843;1.571;
189472;2014-04-07_09-09-12.175;;38.757931;-77.190309;42.0;4.0;9.851;-0.262;4.231;
189529;2014-04-07_09-09-15.596;;38.757989;-77.190624;42.0;4.0;7.244;-1.347;5.146;
189586;2014-04-07_09-09-19.024;;38.758021;-77.191013;43.0;4.0;9.042;-0.521;2.819;
189643;2014-04-07_09-09-22.444;;38.757965;-77.191452;43.0;4.0;8.862;-0.893;5.1;
189700;2014-04-07_09-09-25.865;;38.757882;-77.191984;43.0;4.0;9.77;-0.877;4.407;
189756;2014-04-07_09-09-29.232;;38.757749;-77.192536;41.0;4.0;7.533;-1.866;5.27;
189813;2014-04-07_09-09-32.651;;38.757749;-77.192536;41.0;4.0;7.533;-1.866;5.27;
189870;2014-04-07_09-09-36.081;;38.757617;-77.193073;40.0;4.0;7.291;-1.651;6.111;
189927;2014-04-07_09-09-39.500;;38.757511;-77.193407;40.0;4.0;8.319;-1.207;6.106;
189984;2014-04-07_09-09-42.922;;38.757479;-77.193454;39.0;3.0;9.837;-1.985;1.642;
190040;2014-04-07_09-09-46.286;;38.757472;-77.193441;38.0;3.0;9.235;-0.778;3.094;
190097;2014-04-07_09-09-49.731;;38.757476;-77.193432;37.0;4.0;9.647;-0.127;3.398;
190154;2014-04-07_09-09-53.137;;38.757317;-77.193549;36.0;4.0;9.448;-0.95;3.135;
190210;2014-04-07_09-09-56.496;;38.757317;-77.193549;36.0;4.0;9.448;-0.95;3.135;
190266;2014-04-07_09-09-59.925;;38.756996;-77.193549;38.0;4.0;11.455;-1.479;2.937;
190324;2014-04-07_09-10-03.341;;38.756656;-77.193393;36.0;3.0;6.713;-1.896;7.047;
190380;2014-04-07_09-10-06.706;;38.756361;-77.193321;36.0;3.0;7.705;-1.545;4.778;
190437;2014-04-07_09-10-10.130;;38.756136;-77.193267;35.0;5.0;8.229;-1.137;4.968;
190494;2014-04-07_09-10-13.550;;38.756027;-77.193264;36.0;5.0;8.723;-2.155;3.28;
190550;2014-04-07_09-10-16.918;;38.756046;-77.193284;39.0;4.0;9.527;-0.672;2.686;
190607;2014-04-07_09-10-20.337;;38.756046;-77.193284;39.0;4.0;9.527;-0.672;2.686;
190664;2014-04-07_09-10-23.763;;38.756037;-77.193280;38.0;3.0;10.21;-1.357;1.929;
190721;2014-04-07_09-10-27.188;;38.756035;-77.193284;38.0;3.0;9.65;-0.356;5.3;
190778;2014-04-07_09-10-30.609;;38.755885;-77.193271;34.0;4.0;8.041;-0.167;-1.554;
190835;2014-04-07_09-10-34.033;;38.755552;-77.193251;36.0;3.0;7.362;-1.653;5.936;
190892;2014-04-07_09-10-37.454;;38.755184;-77.193280;36.0;4.0;9.896;-0.87;4.744;
190949;2014-04-07_09-10-40.876;;38.754785;-77.193392;35.0;5.0;8.969;-0.453;5.367;
191006;2014-04-07_09-10-44.302;;38.754785;-77.193392;35.0;5.0;8.969;-0.453;5.367;
191062;2014-04-07_09-10-47.667;;38.754416;-77.193661;35.0;5.0;13.132;-0.147;6.379;
191119;2014-04-07_09-10-51.086;;38.754143;-77.194035;37.0;3.0;11.18;-0.181;2.082;
191176;2014-04-07_09-10-54.511;;38.753998;-77.194416;39.0;3.0;9.299;-1.595;3.509;
191233;2014-04-07_09-10-57.939;;38.754093;-77.194657;39.0;3.0;9.151;-1.002;3.938;
191290;2014-04-07_09-11-01.356;;38.754364;-77.194844;41.0;3.0;7.789;-2.125;4.833;
191346;2014-04-07_09-11-04.725;;38.754364;-77.194844;41.0;3.0;7.789;-2.125;4.833;
191403;2014-04-07_09-11-08.143;;38.754664;-77.195196;40.0;4.0;9.482;0.138;2.666;
191459;2014-04-07_09-11-11.505;;38.755005;-77.195586;39.0;5.0;7.983;-1.791;4.843;
191516;2014-04-07_09-11-14.933;;38.755244;-77.195847;39.0;5.0;8.963;-1.286;4.268;
191572;2014-04-07_09-11-18.303;;38.755205;-77.196041;44.0;5.0;9.026;-2.577;6.27;
191628;2014-04-07_09-11-21.681;;38.755127;-77.196034;41.0;9.0;9.792;-0.418;1.905;
191685;2014-04-07_09-11-25.078;;38.755078;-77.196034;41.0;29.0;10.135;-4.114;3.699;
191741;2014-04-07_09-11-28.446;;38.755078;-77.196034;41.0;29.0;10.135;-4.114;3.699;
191798;2014-04-07_09-11-31.870;;38.755139;-77.196094;41.0;19.0;10.676;1.925;-0.036;
191855;2014-04-07_09-11-35.291;;38.755222;-77.196094;41.0;26.0;9.719;1.413;1.798;
191911;2014-04-07_09-11-38.694;;38.755225;-77.196062;41.0;32.0;9.935;0.378;0.324;
191968;2014-04-07_09-11-42.078;;38.755222;-77.196022;45.0;31.0;9.248;-1.857;0.344;
192025;2014-04-07_09-11-45.499;;38.755120;-77.196014;46.0;32.0;10.128;-1.313;-0.022;
192081;2014-04-07_09-11-48.865;;38.755120;-77.196014;46.0;32.0;10.128;-1.313;-0.022;
192138;2014-04-07_09-11-52.292;;38.755111;-77.196019;46.0;30.0;9.402;-1.993;0.437;
192195;2014-04-07_09-11-55.710;;38.755173;-77.195993;49.0;30.0;8.9;1.003;2.722;
192252;2014-04-07_09-11-59.129;;38.755238;-77.196041;45.0;21.0;9.957;-1.201;1.316;
192308;2014-04-07_09-12-02.497;;38.755256;-77.196066;47.0;25.0;10.047;-0.536;1.469;
192365;2014-04-07_09-12-05.917;;38.755266;-77.196054;46.0;28.0;11.663;1.588;-0.423;
192422;2014-04-07_09-12-09.343;;38.755196;-77.196113;43.0;24.0;9.676;-1.367;2.247;
192479;2014-04-07_09-12-12.766;;38.755196;-77.196113;43.0;24.0;9.676;-1.367;2.247;
192535;2014-04-07_09-12-16.133;;38.755195;-77.196153;40.0;21.0;8.4;-0.788;4.439;
192592;2014-04-07_09-12-19.550;;38.755203;-77.196165;48.0;22.0;7.158;-0.289;4.377;
192648;2014-04-07_09-12-22.914;;38.755139;-77.196166;42.0;19.0;9.48;-2.76;-0.105;
192704;2014-04-07_09-12-26.277;;38.755153;-77.196133;44.0;17.0;9.999;-3.197;-0.173;
192761;2014-04-07_09-12-29.700;;38.755175;-77.196118;44.0;19.0;10.153;0.108;1.576;
192818;2014-04-07_09-12-33.126;;38.755184;-77.196112;44.0;23.0;10.481;-1.632;1.155;
192875;2014-04-07_09-12-36.626;;38.755184;-77.196112;44.0;23.0;10.481;-1.632;1.155;
192933;2014-04-07_09-12-40.030;;38.755183;-77.196109;44.0;29.0;8.598;0.147;5.217;
192989;2014-04-07_09-12-43.396;;38.755185;-77.196095;45.0;21.0;8.638;1.253;4.954;
193046;2014-04-07_09-12-46.817;;38.755184;-77.196088;46.0;24.0;6.589;-2.152;6.637;
193103;2014-04-07_09-12-50.239;;38.755187;-77.196080;46.0;15.0;9.391;1.192;1.757;
193160;2014-04-07_09-12-53.662;;38.755187;-77.196079;46.0;14.0;9.782;-0.251;2.554;
193216;2014-04-07_09-12-57.029;;38.755186;-77.196078;46.0;16.0;8.326;-1.802;4.797;
193273;2014-04-07_09-13-00.449;;38.755186;-77.196078;46.0;16.0;8.326;-1.802;4.797;
193329;2014-04-07_09-13-03.817;;38.755185;-77.196079;46.0;19.0;7.643;-1.286;6.794;
193386;2014-04-07_09-13-07.239;;38.755186;-77.196076;46.0;17.0;14.216;-9.439;2.144;
193442;2014-04-07_09-13-10.625;;38.755189;-77.196074;46.0;16.0;0.434;2.377;9.13;
193499;2014-04-07_09-13-14.040;;38.755190;-77.196073;46.0;17.0;-2.567;3.677;8.261;
193556;2014-04-07_09-13-17.461;;38.755191;-77.196073;46.0;24.0;-0.627;2.635;9.279;
193613;2014-04-07_09-13-20.868;;38.755191;-77.196073;46.0;24.0;-0.627;2.635;9.279;
193670;2014-04-07_09-13-24.296;;38.755191;-77.196073;46.0;35.0;-1.131;2.929;9.816;
