sample.interval=20000
"FUN" "apply" "t" "agg" "auto_play" 
"diff" "valid_move" "not_game_over" "auto_play" 
"FUN" "apply" "condense" "agg" "auto_play" 
"apply" "t" "agg" "auto_play" 
"sample.int" "sample" "auto_play" 
"sample.int" "sample" "agg" "auto_play" 
"FUN" "apply" "cmove" "agg" "auto_play" 
"aperm.default" "aperm" "apply" "condense" "agg" "auto_play" 
"diff.default" "diff" "valid_move" "not_game_over" "auto_play" 
"FUN" "apply" "t" "agg" "auto_play" 
"diff" "valid_move" "agg" "auto_play" 
"match.fun" "lapply" "unlist" "apply" "condense" "agg" "auto_play" 
"FUN" "apply" "agg" "auto_play" 
"lapply" "unlist" "apply" "t" "cmove" "agg" "auto_play" 
"t" "cmove" "agg" "auto_play" 
"sum" "FUN" "apply" "cmove" "agg" "auto_play" 
"any" "apply" "condense" "agg" "auto_play" 
"FUN" "apply" "condense" "agg" "auto_play" 
"FUN" "apply" "cmove" "agg" "auto_play" 
"FUN" "apply" "t" "agg" "auto_play" 
"t" "cmove" "agg" "auto_play" 
"c" "aperm.default" "aperm" "apply" "cmove" "agg" "auto_play" 
"diff" "valid_move" "agg" "auto_play" 
"apply" "t" "cmove" "agg" "auto_play" 
"diff" "valid_move" "not_game_over" "auto_play" 
"diff" "valid_move" "agg" "auto_play" 
"valid_move" "not_game_over" "auto_play" 
"FUN" "apply" "condense" "agg" "auto_play" 
"aperm.default" "aperm" "apply" "t" "agg" "auto_play" 
"apply" "t" "agg" "auto_play" 
"all" "array" "apply" "t" "cmove" "agg" "auto_play" 
"diff.default" "diff" "valid_move" "not_game_over" "auto_play" 
"FUN" "apply" "agg" "auto_play" 
"|" "FUN" "apply" "condense" "agg" "auto_play" 
"diff.default" "diff" "valid_move" "not_game_over" "auto_play" 
"%%" "apply" "t" "agg" "auto_play" 
"prod" "apply" "t" "cmove" "agg" "auto_play" 
"sample.int" "sample" "auto_play" 
"apply" "condense" "agg" "auto_play" 
"sample.int" "sample" "agg" "auto_play" 
"sample.int" "sample" "agg" "auto_play" 
"diff" "valid_move" "agg" "auto_play" 
"print.default" "print" 
"sample.int" "sample" "auto_play" 
"FUN" "apply" "t" "agg" "auto_play" 
"FUN" "apply" "t" "agg" "auto_play" 
"diff.default" "diff" "valid_move" "agg" "auto_play" 
"FUN" "apply" "condense" "agg" "auto_play" 
"c" "array" "apply" "cmove" "agg" "auto_play" 
"diff" "valid_move" "not_game_over" "auto_play" 
"sample.int" "sample" "auto_play" 
"apply" "t" "cmove" "agg" "auto_play" 
"apply" "condense" "agg" "auto_play" 
"not_game_over" "auto_play" 
"diff.default" "diff" "valid_move" "not_game_over" "auto_play" 
"diff" "valid_move" "not_game_over" "auto_play" 
"FUN" "apply" "t" "cmove" "agg" "auto_play" 
"FUN" "apply" "agg" "auto_play" 
"diff.default" "diff" "valid_move" "agg" "auto_play" 
"match.fun" "lapply" "unlist" "apply" "t" "cmove" "agg" "auto_play" 
"sample.int" "sample" "agg" "auto_play" 
"FUN" "apply" "t" "agg" "auto_play" 
"apply" "t" "agg" "auto_play" 
"FUN" "apply" "condense" "agg" "auto_play" 
"unlist" "apply" "t" "cmove" "agg" "auto_play" 
"unlist" "apply" "condense" "agg" "auto_play" 
"apply" "cmove" "agg" "auto_play" 
"unlist" "apply" "condense" "agg" "auto_play" 
"sample" "auto_play" 
"t" "agg" "auto_play" 
"any" "condense" "agg" "auto_play" 
"sample.int" "sample" "agg" "auto_play" 
"FUN" "apply" "condense" "agg" "auto_play" 
"all" "array" "apply" "t" "agg" "auto_play" 
"FUN" "apply" "agg" "auto_play" 
"FUN" "apply" "condense" "agg" "auto_play" 
"aperm.default" "aperm" "apply" "t" "agg" "auto_play" 
"vapply" "array" "apply" "cmove" "agg" "auto_play" 
"apply" "t" "agg" "auto_play" 
"aperm.default" "aperm" "apply" "cmove" "agg" "auto_play" 
"t" "diff" "valid_move" "agg" "auto_play" 
"array" "apply" "cmove" "agg" "auto_play" 
"apply" "t" "cmove" "agg" "auto_play" 
"FUN" "apply" "condense" "agg" "auto_play" 
"diff.default" "diff" "valid_move" "not_game_over" "auto_play" 
"unlist" "apply" "condense" "agg" "auto_play" 
"FUN" "apply" "condense" "agg" "auto_play" 
"diff" "valid_move" "agg" "auto_play" 
"lapply" "unlist" "apply" "cmove" "agg" "auto_play" 
"aperm.default" "aperm" "apply" "condense" "not_game_over" "auto_play" 
"print.default" "print" 
"valid_move" "agg" "auto_play" 
"is.function" "match.fun" "apply" "cmove" "agg" "auto_play" 
"t" "agg" "auto_play" 
"apply" "t" "cmove" "agg" "auto_play" 
"==" "valid_move" "not_game_over" "auto_play" 
"auto_play" 
"FUN" "apply" "condense" "agg" "auto_play" 
"apply" "condense" "agg" "auto_play" 
"FUN" "apply" "t" "cmove" "agg" "auto_play" 
"cmove" "agg" "auto_play" 
"apply" "cmove" "agg" "auto_play" 
"nrow" "diff.default" "diff" "valid_move" "not_game_over" "auto_play" 
"t" "cmove" "agg" "auto_play" 
"unlist" "apply" "t" "cmove" "agg" "auto_play" 
"FUN" "apply" "t" "agg" "auto_play" 
"aperm" "apply" "condense" "agg" "auto_play" 
"diff.default" "diff" "valid_move" "not_game_over" "auto_play" 
"FUN" "apply" "condense" "agg" "auto_play" 
"is.recursive" "apply" "t" "cmove" "agg" "auto_play" 
"FUN" "apply" "t" "agg" "auto_play" 
"diff" "valid_move" "not_game_over" "auto_play" 
"apply" "agg" "auto_play" 
"FUN" "apply" "agg" "auto_play" 
"apply" "t" "cmove" "agg" "auto_play" 
"seq_len" "apply" "t" "agg" "auto_play" 
"FUN" "apply" "condense" "agg" "auto_play" 
"length" "apply" "t" "cmove" "agg" "auto_play" 
"aperm" "apply" "t" "agg" "auto_play" 
"aperm" "apply" "t" "agg" "auto_play" 
"print.default" "print" 
"t.default" "t" "agg" "auto_play" 
"t" "cmove" "agg" "auto_play" 
"aperm" "apply" "t" "agg" "auto_play" 
"which" "sample" "agg" "auto_play" 
"cmove" "agg" "auto_play" 
"apply" "t" "cmove" "agg" "auto_play" 
"match.fun" "apply" "cmove" "agg" "auto_play" 
"auto_play" 
"t" "cmove" "agg" "auto_play" 
"FUN" "apply" "t" "agg" "auto_play" 
"c" "sample" "auto_play" 
"apply" "cmove" "agg" "auto_play" 
"diff" "valid_move" "not_game_over" "auto_play" 
"FUN" "apply" "cmove" "agg" "auto_play" 
"FUN" "apply" "t" "cmove" "agg" "auto_play" 
"apply" "condense" "agg" "auto_play" 
"diff" "valid_move" "not_game_over" "auto_play" 
"valid_move" "agg" "auto_play" 
"apply" "cmove" "agg" "auto_play" 
"apply" "cmove" "agg" "auto_play" 
"FUN" "apply" "condense" "agg" "auto_play" 
"any" "apply" "t" "cmove" "agg" "auto_play" 
"t" "diff" "valid_move" "agg" "auto_play" 
"apply" "condense" "agg" "auto_play" 
"unlist" "apply" "t" "cmove" "agg" "auto_play" 
"t" "diff" "valid_move" "agg" "auto_play" 
"apply" "agg" "auto_play" 
"FUN" "apply" "cmove" "agg" "auto_play" 
"apply" "t" "cmove" "agg" "auto_play" 
"print.default" "print" 
"aperm" "apply" "t" "agg" "auto_play" 
"diff.default" "diff" "valid_move" "agg" "auto_play" 
"any" "valid_move" "not_game_over" "auto_play" 
"c" "FUN" "apply" "cmove" "agg" "auto_play" 
"array" "apply" "cmove" "agg" "auto_play" 
"!=" "FUN" "apply" "cmove" "agg" "auto_play" 
"FUN" "apply" "t" "agg" "auto_play" 
"nrow" "diff.default" "diff" "valid_move" "not_game_over" "auto_play" 
"apply" "agg" "auto_play" 
"t" "agg" "auto_play" 
"unlist" "apply" "condense" "agg" "auto_play" 
"diff" "valid_move" "agg" "auto_play" 
"apply" "agg" "auto_play" 
"apply" "agg" "auto_play" 
"apply" "condense" "agg" "auto_play" 
"c" "apply" "agg" "auto_play" 
"diff.default" "diff" "valid_move" "not_game_over" "auto_play" 
"lapply" "unlist" "apply" "t" "agg" "auto_play" 
"unlist" "apply" "agg" "auto_play" 
"is.matrix" "diff.default" "diff" "valid_move" "not_game_over" "auto_play" 
"FUN" "apply" "t" "cmove" "agg" "auto_play" 
"print.default" "print" 
"FUN" "apply" "cmove" "agg" "auto_play" 
"apply" "t" "cmove" "agg" "auto_play" 
"FUN" "apply" "t" "cmove" "agg" "auto_play" 
"match.fun" "apply" "condense" "agg" "auto_play" 
"t.default" "t" "cmove" "agg" "auto_play" 
"apply" "condense" "agg" "auto_play" 
"unlist" "apply" "condense" "agg" "auto_play" 
"unlist" "apply" "t" "agg" "auto_play" 
"!=" "FUN" "apply" "condense" "agg" "auto_play" 
"diff" "valid_move" "agg" "auto_play" 
"apply" "t" "cmove" "agg" "auto_play" 
"diff" "valid_move" "not_game_over" "auto_play" 
"unlist" "apply" "t" "cmove" "agg" "auto_play" 
"diff.default" "diff" "valid_move" "agg" "auto_play" 
"t" "agg" "auto_play" 
"apply" "cmove" "agg" "auto_play" 
"diff.default" "diff" "valid_move" "not_game_over" "auto_play" 
"lapply" "unlist" "apply" "condense" "agg" "auto_play" 
"c" "FUN" "apply" "t" "cmove" "agg" "auto_play" 
"FUN" "apply" "t" "cmove" "agg" "auto_play" 
"sum" "FUN" "apply" "t" "cmove" "agg" "auto_play" 
"apply" "t" "cmove" "agg" "auto_play" 
"agg" "auto_play" 
"which" "sample" "agg" "auto_play" 
"sum" "FUN" "apply" "cmove" "agg" "auto_play" 
"-" "FUN" "apply" "cmove" "agg" "auto_play" 
"diff.default" "diff" "valid_move" "not_game_over" "auto_play" 
"agg" "auto_play" 
"auto_play" 
"diff.default" "diff" "valid_move" "agg" "auto_play" 
"length" "apply" "condense" "not_game_over" "auto_play" 
"FUN" "apply" "condense" "agg" "auto_play" 
"c" "FUN" "apply" "t" "cmove" "agg" "auto_play" 
"%%" "apply" "t" "cmove" "agg" "auto_play" 
"aperm" "apply" "t" "agg" "auto_play" 
"sample.int" "sample" "auto_play" 
"apply" "agg" "auto_play" 
"FUN" "apply" "agg" "auto_play" 
"unlist" "apply" "t" "agg" "auto_play" 
"valid_move" "not_game_over" "auto_play" 
"apply" "t" "cmove" "agg" "auto_play" 
"aperm" "apply" "t" "cmove" "agg" "auto_play" 
"apply" "cmove" "agg" "auto_play" 
"diff.default" "diff" "valid_move" "not_game_over" "auto_play" 
"print.default" "print" 
"match.fun" "apply" "agg" "auto_play" 
"FUN" "apply" "t" "cmove" "agg" "auto_play" 
"aperm.default" "aperm" "apply" "condense" "agg" "auto_play" 
"all" "array" "apply" "cmove" "agg" "auto_play" 
"sample" "agg" "auto_play" 
"agg" "auto_play" 
"FUN" "apply" "cmove" "agg" "auto_play" 
"FUN" "apply" "t" "cmove" "agg" "auto_play" 
"%%" "apply" "t" "cmove" "agg" "auto_play" 
"t.default" "t" "cmove" "agg" "auto_play" 
"array" "apply" "t" "agg" "auto_play" 
"array" "apply" "t" "cmove" "agg" "auto_play" 
"FUN" "apply" "condense" "agg" "auto_play" 
"FUN" "apply" "condense" "agg" "auto_play" 
"apply" "t" "agg" "auto_play" 
"FUN" "apply" "t" "agg" "auto_play" 
"c" "FUN" "apply" "t" "cmove" "agg" "auto_play" 
"agg" "auto_play" 
"diff" "valid_move" "agg" "auto_play" 
"apply" "cmove" "agg" "auto_play" 
"lapply" "unlist" "apply" "cmove" "agg" "auto_play" 
"agg" "auto_play" 
"sum" "FUN" "apply" "cmove" "agg" "auto_play" 
"FUN" "apply" "cmove" "agg" "auto_play" 
"sign" "diff" "valid_move" "not_game_over" "auto_play" 
"t" "cmove" "agg" "auto_play" 
"which" "sample" "agg" "auto_play" 
"FUN" "apply" "condense" "agg" "auto_play" 
"aperm" "apply" "t" "agg" "auto_play" 
"apply" "t" "cmove" "agg" "auto_play" 
"t" "agg" "auto_play" 
"t" "agg" "auto_play" 
"diff.default" "diff" "valid_move" "agg" "auto_play" 
"FUN" "apply" "condense" "agg" "auto_play" 
"FUN" "apply" "condense" "not_game_over" "auto_play" 
"sample.int" "sample" "agg" "auto_play" 
"t" "diff" "valid_move" "agg" "auto_play" 
"diff.default" "diff" "valid_move" "not_game_over" "auto_play" 
"sign" "FUN" "apply" "cmove" "agg" "auto_play" 
"FUN" "apply" "cmove" "agg" "auto_play" 
"match.fun" "lapply" "unlist" "apply" "agg" "auto_play" 
"sample.int" "sample" "auto_play" 
"seq_len" "apply" "agg" "auto_play" 
"apply" "condense" "agg" "auto_play" 
"lapply" "unlist" "apply" "condense" "not_game_over" "auto_play" 
"diff" "valid_move" "agg" "auto_play" 
"diff" "valid_move" "agg" "auto_play" 
"apply" "t" "cmove" "agg" "auto_play" 
"FUN" "apply" "t" "cmove" "agg" "auto_play" 
"FUN" "apply" "condense" "agg" "auto_play" 
"sum" "FUN" "apply" "t" "cmove" "agg" "auto_play" 
"nrow" "diff.default" "diff" "valid_move" "agg" "auto_play" 
"FUN" "apply" "condense" "agg" "auto_play" 
"names" "apply" "t" "cmove" "agg" "auto_play" 
"apply" "condense" "agg" "auto_play" 
"nrow" "diff.default" "diff" "valid_move" "not_game_over" "auto_play" 
"FUN" "apply" "t" "agg" "auto_play" 
"diff" "valid_move" "agg" "auto_play" 
"==" "valid_move" "not_game_over" "auto_play" 
"aperm" "apply" "cmove" "agg" "auto_play" 
"apply" "cmove" "agg" "auto_play" 
"any" "valid_move" "not_game_over" "auto_play" 
"any" "apply" "agg" "auto_play" 
"sample.int" "sample" "agg" "auto_play" 
"FUN" "apply" "agg" "auto_play" 
"unlist" "apply" "condense" "agg" "auto_play" 
"diff.default" "diff" "valid_move" "not_game_over" "auto_play" 
"lapply" "unlist" "apply" "t" "agg" "auto_play" 
"FUN" "apply" "t" "agg" "auto_play" 
"prod" "apply" "cmove" "agg" "auto_play" 
"apply" "condense" "not_game_over" "auto_play" 
"==" "valid_move" "agg" "auto_play" 
"FUN" "apply" "t" "agg" "auto_play" 
"apply" "t" "agg" "auto_play" 
"==" "valid_move" "not_game_over" "auto_play" 
"diff" "valid_move" "not_game_over" "auto_play" 
"match.fun" "apply" "condense" "agg" "auto_play" 
"is.matrix" "diff.default" "diff" "valid_move" "not_game_over" "auto_play" 
"FUN" "apply" "agg" "auto_play" 
"length" "apply" "condense" "agg" "auto_play" 
"t.default" "t" "agg" "auto_play" 
"diff" "valid_move" "not_game_over" "auto_play" 
"aperm" "apply" "t" "agg" "auto_play" 
"t" "diff" "valid_move" "agg" "auto_play" 
"apply" "t" "cmove" "agg" "auto_play" 
"FUN" "apply" "cmove" "agg" "auto_play" 
"agg" "auto_play" 
"diff" "valid_move" "agg" "auto_play" 
"aperm" "apply" "t" "cmove" "agg" "auto_play" 
"sample.int" "sample" "agg" "auto_play" 
":" "apply" "t" "agg" "auto_play" 
"FUN" "apply" "agg" "auto_play" 
"FUN" "apply" "condense" "agg" "auto_play" 
"unlist" "apply" "t" "agg" "auto_play" 
"FUN" "apply" "t" "agg" "auto_play" 
"diff.default" "diff" "valid_move" "not_game_over" "auto_play" 
"c" "sample" "auto_play" 
"apply" "condense" "agg" "auto_play" 
"diff.default" "diff" "valid_move" "not_game_over" "auto_play" 
"cmove" "agg" "auto_play" 
"FUN" "apply" "t" "agg" "auto_play" 
"valid_move" "agg" "auto_play" 
"aperm" "apply" "condense" "agg" "auto_play" 
"apply" "condense" "agg" "auto_play" 
"sample" "agg" "auto_play" 
"&" "FUN" "apply" "condense" "agg" "auto_play" 
"print.default" "print" 
"vapply" "array" "apply" "cmove" "agg" "auto_play" 
"FUN" "apply" "cmove" "agg" "auto_play" 
"unlist" "apply" "cmove" "agg" "auto_play" 
"apply" "t" "cmove" "agg" "auto_play" 
"lapply" "unlist" "apply" "cmove" "agg" "auto_play" 
"aperm" "apply" "cmove" "agg" "auto_play" 
"aperm" "apply" "condense" "agg" "auto_play" 
"t" "diff" "valid_move" "agg" "auto_play" 
"FUN" "apply" "cmove" "agg" "auto_play" 
"aperm" "apply" "t" "agg" "auto_play" 
"sample.int" "sample" "agg" "auto_play" 
"apply" "cmove" "agg" "auto_play" 
"any" "apply" "cmove" "agg" "auto_play" 
"FUN" "apply" "condense" "agg" "auto_play" 
"t" "cmove" "agg" "auto_play" 
"FUN" "apply" "condense" "agg" "auto_play" 
"sum" "FUN" "apply" "t" "cmove" "agg" "auto_play" 
"prod" "apply" "t" "cmove" "agg" "auto_play" 
"apply" "t" "agg" "auto_play" 
"diff" "valid_move" "not_game_over" "auto_play" 
"sample.int" "sample" "agg" "auto_play" 
"apply" "condense" "agg" "auto_play" 
"FUN" "apply" "condense" "agg" "auto_play" 
"apply" "agg" "auto_play" 
"cmove" "agg" "auto_play" 
"sample.int" "sample" "agg" "auto_play" 
"apply" "cmove" "agg" "auto_play" 
"apply" "t" "cmove" "agg" "auto_play" 
"diff.default" "diff" "valid_move" "agg" "auto_play" 
"aperm.default" "aperm" "apply" "t" "cmove" "agg" "auto_play" 
"apply" "t" "cmove" "agg" "auto_play" 
"&" "FUN" "apply" "condense" "agg" "auto_play" 
"length" "apply" "t" "cmove" "agg" "auto_play" 
"diff.default" "diff" "valid_move" "agg" "auto_play" 
"FUN" "apply" "t" "cmove" "agg" "auto_play" 
"apply" "cmove" "agg" "auto_play" 
"sample" "agg" "auto_play" 
"match.fun" "lapply" "unlist" "apply" "condense" "agg" "auto_play" 
"diff" "valid_move" "agg" "auto_play" 
"apply" "condense" "agg" "auto_play" 
"c" "array" "apply" "t" "cmove" "agg" "auto_play" 
"t" "agg" "auto_play" 
"diff" "valid_move" "not_game_over" "auto_play" 
"apply" "t" "cmove" "agg" "auto_play" 
"apply" "t" "cmove" "agg" "auto_play" 
"not_game_over" "auto_play" 
"any" "apply" "cmove" "agg" "auto_play" 
"diff" "valid_move" "not_game_over" "auto_play" 
"aperm.default" "aperm" "apply" "condense" "agg" "auto_play" 
"apply" "cmove" "agg" "auto_play" 
"diff" "valid_move" "not_game_over" "auto_play" 
"unlist" "apply" "t" "agg" "auto_play" 
"apply" "agg" "auto_play" 
"apply" "t" "agg" "auto_play" 
"FUN" "apply" "t" "agg" "auto_play" 
"diff.default" "diff" "valid_move" "not_game_over" "auto_play" 
"FUN" "apply" "agg" "auto_play" 
"diff" "valid_move" "not_game_over" "auto_play" 
"t" "agg" "auto_play" 
"lapply" "unlist" "apply" "t" "cmove" "agg" "auto_play" 
"apply" "cmove" "agg" "auto_play" 
"unlist" "apply" "cmove" "agg" "auto_play" 
"apply" "cmove" "agg" "auto_play" 
"sign" "FUN" "apply" "cmove" "agg" "auto_play" 
"vapply" "array" "apply" "cmove" "agg" "auto_play" 
"unlist" "apply" "t" "cmove" "agg" "auto_play" 
"lapply" "unlist" "apply" "t" "cmove" "agg" "auto_play" 
"!=" "FUN" "apply" "cmove" "agg" "auto_play" 
"apply" "condense" "agg" "auto_play" 
"FUN" "apply" "condense" "agg" "auto_play" 
"vapply" "array" "apply" "t" "cmove" "agg" "auto_play" 
"print.default" "print" 
"apply" "t" "cmove" "agg" "auto_play" 
"aperm" "apply" "condense" "agg" "auto_play" 
":" "apply" "t" "cmove" "agg" "auto_play" 
"t.default" "t" "cmove" "agg" "auto_play" 
"diff" "valid_move" "not_game_over" "auto_play" 
"diff.default" "diff" "valid_move" "not_game_over" "auto_play" 
"aperm" "apply" "condense" "agg" "auto_play" 
"FUN" "apply" "condense" "agg" "auto_play" 
"t" "diff" "valid_move" "agg" "auto_play" 
"diff" "valid_move" "not_game_over" "auto_play" 
"match.fun" "lapply" "unlist" "apply" "t" "cmove" "agg" "auto_play" 
"vapply" "array" "apply" "cmove" "agg" "auto_play" 
"prod" "apply" "condense" "not_game_over" "auto_play" 
"unlist" "apply" "agg" "auto_play" 
"FUN" "apply" "agg" "auto_play" 
"unlist" "apply" "cmove" "agg" "auto_play" 
"vapply" "array" "apply" "t" "agg" "auto_play" 
"c" "aperm.default" "aperm" "apply" "t" "cmove" "agg" "auto_play" 
"FUN" "apply" "condense" "agg" "auto_play" 
"which" "sample" "agg" "auto_play" 
"diff.default" "diff" "valid_move" "not_game_over" "auto_play" 
"seq_len" "diff.default" "diff" "valid_move" "not_game_over" "auto_play" 
"FUN" "apply" "cmove" "agg" "auto_play" 
"lapply" "unlist" "apply" "t" "agg" "auto_play" 
"diff.default" "diff" "valid_move" "not_game_over" "auto_play" 
"diff.default" "diff" "valid_move" "agg" "auto_play" 
"FUN" "apply" "t" "agg" "auto_play" 
"not_game_over" "auto_play" 
"diff.default" "diff" "valid_move" "not_game_over" "auto_play" 
"aperm" "apply" "cmove" "agg" "auto_play" 
"FUN" "apply" "t" "agg" "auto_play" 
"FUN" "apply" "cmove" "agg" "auto_play" 
"apply" "t" "cmove" "agg" "auto_play" 
"aperm" "apply" "condense" "agg" "auto_play" 
"aperm" "apply" "t" "cmove" "agg" "auto_play" 
"lapply" "unlist" "apply" "t" "cmove" "agg" "auto_play" 
"t.default" "t" "agg" "auto_play" 
"agg" "auto_play" 
"diff" "valid_move" "not_game_over" "auto_play" 
"array" "apply" "cmove" "agg" "auto_play" 
"apply" "agg" "auto_play" 
"is.function" "match.fun" "vapply" "array" "apply" "t" "cmove" "agg" "auto_play" 
"aperm" "apply" "t" "cmove" "agg" "auto_play" 
"aperm" "apply" "condense" "agg" "auto_play" 
"diff" "valid_move" "not_game_over" "auto_play" 
"FUN" "apply" "condense" "agg" "auto_play" 
"FUN" "apply" "cmove" "agg" "auto_play" 
"FUN" "apply" "t" "agg" "auto_play" 
"lapply" "unlist" "apply" "condense" "agg" "auto_play" 
"diff" "valid_move" "not_game_over" "auto_play" 
"aperm" "apply" "cmove" "agg" "auto_play" 
